# JRE version: OpenJDK Runtime Environment Temurin-21.0.10+7 (21.0.10+7) (build 21.0.10+7-LTS)
# Java VM: OpenJDK 64-Bit Server VM Temurin-21.0.10+7 (21.0.10+7-LTS, mixed mode, sharing, tiered, compressed oops, compressed class ptrs, parallel gc, windows-amd64)
GC Precious Log:
 CardTable entry size: 512
 CPUs: 8 total, 8 available
 Memory: 7480M
 Large Page Support: Disabled
 NUMA Support: Disabled
 Compressed Oops: Enabled (32-bit)
 Alignments: Space 512K, Generation 512K, Heap 2M
 Heap Min Capacity: 100M
 Heap Initial Capacity: 100M
 Heap Max Capacity: 2G
 Pre-touch: Disabled
 Parallel Workers: 8
Heap:
 PSYoungGen      total 13824K, used 8767K [0x00000000d5580000, 0x00000000d6480000, 0x0000000100000000)
  eden space 12800K, 68% used [0x00000000d5580000,0x00000000d5e0fce8,0x00000000d6200000)
  from space 1024K, 0% used [0x00000000d6380000,0x00000000d6380000,0x00000000d6480000)
  to   space 1024K, 0% used [0x00000000d6280000,0x00000000d6280000,0x00000000d6380000)
 ParOldGen       total 73216K, used 51235K [0x0000000080000000, 0x0000000084780000, 0x00000000d5580000)
  object space 73216K, 69% used [0x0000000080000000,0x0000000083208cd8,0x0000000084780000)
 Metaspace       used 58860K, committed 60288K, reserved 1114112K
  class space    used 6301K, committed 6912K, reserved 1048576K
GC Heap History (20 events):
Event: 10.288 GC heap before
{Heap before GC invocations=46 (full 2):
 PSYoungGen      total 13824K, used 13568K [0x00000000d5580000, 0x00000000d6600000, 0x0000000100000000)
  eden space 12800K, 100% used [0x00000000d5580000,0x00000000d6200000,0x00000000d6200000)
  from space 1024K, 75% used [0x00000000d6200000,0x00000000d62c0000,0x00000000d6300000)
  to   space 2048K, 0% used [0x00000000d6400000,0x00000000d6400000,0x00000000d6600000)
 ParOldGen       total 68608K, used 65568K [0x0000000080000000, 0x0000000084300000, 0x00000000d5580000)
  object space 68608K, 95% used [0x0000000080000000,0x00000000840083b0,0x0000000084300000)
 Metaspace       used 57222K, committed 58624K, reserved 1114112K
  class space    used 6152K, committed 6720K, reserved 1048576K
}
Event: 10.290 GC heap after
{Heap after GC invocations=46 (full 2):
 PSYoungGen      total 13824K, used 960K [0x00000000d5580000, 0x00000000d6500000, 0x0000000100000000)
  eden space 12800K, 0% used [0x00000000d5580000,0x00000000d5580000,0x00000000d6200000)
  from space 1024K, 93% used [0x00000000d6400000,0x00000000d64f0000,0x00000000d6500000)
  to   space 1536K, 0% used [0x00000000d6200000,0x00000000d6200000,0x00000000d6380000)
 ParOldGen       total 68608K, used 66200K [0x0000000080000000, 0x0000000084300000, 0x00000000d5580000)
  object space 68608K, 96% used [0x0000000080000000,0x00000000840a63b0,0x0000000084300000)
 Metaspace       used 57222K, committed 58624K, reserved 1114112K
  class space    used 6152K, committed 6720K, reserved 1048576K
}
Event: 10.403 GC heap before
{Heap before GC invocations=47 (full 2):
 PSYoungGen      total 13824K, used 13759K [0x00000000d5580000, 0x00000000d6500000, 0x0000000100000000)
  eden space 12800K, 99% used [0x00000000d5580000,0x00000000d61ffff8,0x00000000d6200000)
  from space 1024K, 93% used [0x00000000d6400000,0x00000000d64f0000,0x00000000d6500000)
  to   space 1536K, 0% used [0x00000000d6200000,0x00000000d6200000,0x00000000d6380000)
 ParOldGen       total 68608K, used 66200K [0x0000000080000000, 0x0000000084300000, 0x00000000d5580000)
  object space 68608K, 96% used [0x0000000080000000,0x00000000840a63b0,0x0000000084300000)
 Metaspace       used 57589K, committed 59008K, reserved 1114112K
  class space    used 6203K, committed 6784K, reserved 1048576K
}
Event: 10.405 GC heap after
{Heap after GC invocations=47 (full 2):
 PSYoungGen      total 14336K, used 1536K [0x00000000d5580000, 0x00000000d6600000, 0x0000000100000000)
  eden space 12800K, 0% used [0x00000000d5580000,0x00000000d5580000,0x00000000d6200000)
  from space 1536K, 100% used [0x00000000d6200000,0x00000000d6380000,0x00000000d6380000)
  to   space 2048K, 0% used [0x00000000d6400000,0x00000000d6400000,0x00000000d6600000)
 ParOldGen       total 68608K, used 66972K [0x0000000080000000, 0x0000000084300000, 0x00000000d5580000)
  object space 68608K, 97% used [0x0000000080000000,0x00000000841673c0,0x0000000084300000)
 Metaspace       used 57589K, committed 59008K, reserved 1114112K
  class space    used 6203K, committed 6784K, reserved 1048576K
}
Event: 10.486 GC heap before
{Heap before GC invocations=48 (full 2):
 PSYoungGen      total 14336K, used 14336K [0x00000000d5580000, 0x00000000d6600000, 0x0000000100000000)
  eden space 12800K, 100% used [0x00000000d5580000,0x00000000d6200000,0x00000000d6200000)
  from space 1536K, 100% used [0x00000000d6200000,0x00000000d6380000,0x00000000d6380000)
  to   space 2048K, 0% used [0x00000000d6400000,0x00000000d6400000,0x00000000d6600000)
 ParOldGen       total 68608K, used 66972K [0x0000000080000000, 0x0000000084300000, 0x00000000d5580000)
  object space 68608K, 97% used [0x0000000080000000,0x00000000841673c0,0x0000000084300000)
 Metaspace       used 57664K, committed 59072K, reserved 1114112K
  class space    used 6205K, committed 6784K, reserved 1048576K
}
Event: 10.488 GC heap after
{Heap after GC invocations=48 (full 2):
 PSYoungGen      total 14848K, used 1600K [0x00000000d5580000, 0x00000000d6600000, 0x0000000100000000)
  eden space 12800K, 0% used [0x00000000d5580000,0x00000000d5580000,0x00000000d6200000)
  from space 2048K, 78% used [0x00000000d6400000,0x00000000d6590000,0x00000000d6600000)
  to   space 2048K, 0% used [0x00000000d6200000,0x00000000d6200000,0x00000000d6400000)
 ParOldGen       total 68608K, used 68276K [0x0000000080000000, 0x0000000084300000, 0x00000000d5580000)
  object space 68608K, 99% used [0x0000000080000000,0x00000000842ad0d0,0x0000000084300000)
 Metaspace       used 57664K, committed 59072K, reserved 1114112K
  class space    used 6205K, committed 6784K, reserved 1048576K
}
Event: 10.609 GC heap before
{Heap before GC invocations=49 (full 2):
 PSYoungGen      total 14848K, used 14400K [0x00000000d5580000, 0x00000000d6600000, 0x0000000100000000)
  eden space 12800K, 100% used [0x00000000d5580000,0x00000000d6200000,0x00000000d6200000)
  from space 2048K, 78% used [0x00000000d6400000,0x00000000d6590000,0x00000000d6600000)
  to   space 2048K, 0% used [0x00000000d6200000,0x00000000d6200000,0x00000000d6400000)
 ParOldGen       total 68608K, used 68276K [0x0000000080000000, 0x0000000084300000, 0x00000000d5580000)
  object space 68608K, 99% used [0x0000000080000000,0x00000000842ad0d0,0x0000000084300000)
 Metaspace       used 57783K, committed 59136K, reserved 1114112K
  class space    used 6205K, committed 6784K, reserved 1048576K
}
Event: 10.612 GC heap after
{Heap after GC invocations=49 (full 2):
 PSYoungGen      total 13824K, used 1008K [0x00000000d5580000, 0x00000000d6500000, 0x0000000100000000)
  eden space 12800K, 0% used [0x00000000d5580000,0x00000000d5580000,0x00000000d6200000)
  from space 1024K, 98% used [0x00000000d6200000,0x00000000d62fc020,0x00000000d6300000)
  to   space 1536K, 0% used [0x00000000d6380000,0x00000000d6380000,0x00000000d6500000)
 ParOldGen       total 70144K, used 69660K [0x0000000080000000, 0x0000000084480000, 0x00000000d5580000)
  object space 70144K, 99% used [0x0000000080000000,0x00000000844070d0,0x0000000084480000)
 Metaspace       used 57783K, committed 59136K, reserved 1114112K
  class space    used 6205K, committed 6784K, reserved 1048576K
}
Event: 10.688 GC heap before
{Heap before GC invocations=50 (full 2):
 PSYoungGen      total 13824K, used 13808K [0x00000000d5580000, 0x00000000d6500000, 0x0000000100000000)
  eden space 12800K, 100% used [0x00000000d5580000,0x00000000d6200000,0x00000000d6200000)
  from space 1024K, 98% used [0x00000000d6200000,0x00000000d62fc020,0x00000000d6300000)
  to   space 1536K, 0% used [0x00000000d6380000,0x00000000d6380000,0x00000000d6500000)
 ParOldGen       total 70144K, used 69660K [0x0000000080000000, 0x0000000084480000, 0x00000000d5580000)
  object space 70144K, 99% used [0x0000000080000000,0x00000000844070d0,0x0000000084480000)
 Metaspace       used 57879K, committed 59264K, reserved 1114112K
  class space    used 6205K, committed 6784K, reserved 1048576K
}
Event: 10.690 GC heap after
{Heap after GC invocations=50 (full 2):
 PSYoungGen      total 13824K, used 672K [0x00000000d5580000, 0x00000000d6480000, 0x0000000100000000)
  eden space 12800K, 0% used [0x00000000d5580000,0x00000000d5580000,0x00000000d6200000)
  from space 1024K, 65% used [0x00000000d6380000,0x00000000d6428000,0x00000000d6480000)
  to   space 1024K, 0% used [0x00000000d6200000,0x00000000d6200000,0x00000000d6300000)
 ParOldGen       total 70656K, used 70464K [0x0000000080000000, 0x0000000084500000, 0x00000000d5580000)
  object space 70656K, 99% used [0x0000000080000000,0x00000000844d01e8,0x0000000084500000)
 Metaspace       used 57879K, committed 59264K, reserved 1114112K
  class space    used 6205K, committed 6784K, reserved 1048576K
}
Event: 10.748 GC heap before
{Heap before GC invocations=51 (full 2):
 PSYoungGen      total 13824K, used 13472K [0x00000000d5580000, 0x00000000d6480000, 0x0000000100000000)
  eden space 12800K, 100% used [0x00000000d5580000,0x00000000d6200000,0x00000000d6200000)
  from space 1024K, 65% used [0x00000000d6380000,0x00000000d6428000,0x00000000d6480000)
  to   space 1024K, 0% used [0x00000000d6200000,0x00000000d6200000,0x00000000d6300000)
 ParOldGen       total 70656K, used 70464K [0x0000000080000000, 0x0000000084500000, 0x00000000d5580000)
  object space 70656K, 99% used [0x0000000080000000,0x00000000844d01e8,0x0000000084500000)
 Metaspace       used 57934K, committed 59328K, reserved 1114112K
  class space    used 6205K, committed 6784K, reserved 1048576K
}
Event: 10.751 GC heap after
{Heap after GC invocations=51 (full 2):
 PSYoungGen      total 13824K, used 992K [0x00000000d5580000, 0x00000000d6600000, 0x0000000100000000)
  eden space 12800K, 0% used [0x00000000d5580000,0x00000000d5580000,0x00000000d6200000)
  from space 1024K, 96% used [0x00000000d6200000,0x00000000d62f8010,0x00000000d6300000)
  to   space 2048K, 0% used [0x00000000d6400000,0x00000000d6400000,0x00000000d6600000)
 ParOldGen       total 71168K, used 70968K [0x0000000080000000, 0x0000000084580000, 0x00000000d5580000)
  object space 71168K, 99% used [0x0000000080000000,0x000000008454e1e8,0x0000000084580000)
 Metaspace       used 57934K, committed 59328K, reserved 1114112K
  class space    used 6205K, committed 6784K, reserved 1048576K
}
Event: 10.826 GC heap before
{Heap before GC invocations=52 (full 2):
 PSYoungGen      total 13824K, used 13792K [0x00000000d5580000, 0x00000000d6600000, 0x0000000100000000)
  eden space 12800K, 100% used [0x00000000d5580000,0x00000000d6200000,0x00000000d6200000)
  from space 1024K, 96% used [0x00000000d6200000,0x00000000d62f8010,0x00000000d6300000)
  to   space 2048K, 0% used [0x00000000d6400000,0x00000000d6400000,0x00000000d6600000)
 ParOldGen       total 71168K, used 70968K [0x0000000080000000, 0x0000000084580000, 0x00000000d5580000)
  object space 71168K, 99% used [0x0000000080000000,0x000000008454e1e8,0x0000000084580000)
 Metaspace       used 58010K, committed 59392K, reserved 1114112K
  class space    used 6205K, committed 6784K, reserved 1048576K
}
Event: 10.828 GC heap after
{Heap after GC invocations=52 (full 2):
 PSYoungGen      total 13824K, used 960K [0x00000000d5580000, 0x00000000d6500000, 0x0000000100000000)
  eden space 12800K, 0% used [0x00000000d5580000,0x00000000d5580000,0x00000000d6200000)
  from space 1024K, 93% used [0x00000000d6400000,0x00000000d64f0020,0x00000000d6500000)
  to   space 1536K, 0% used [0x00000000d6200000,0x00000000d6200000,0x00000000d6380000)
 ParOldGen       total 71680K, used 71560K [0x0000000080000000, 0x0000000084600000, 0x00000000d5580000)
  object space 71680K, 99% used [0x0000000080000000,0x00000000845e21e8,0x0000000084600000)
 Metaspace       used 58010K, committed 59392K, reserved 1114112K
  class space    used 6205K, committed 6784K, reserved 1048576K
}
Event: 10.896 GC heap before
{Heap before GC invocations=53 (full 2):
 PSYoungGen      total 13824K, used 13760K [0x00000000d5580000, 0x00000000d6500000, 0x0000000100000000)
  eden space 12800K, 100% used [0x00000000d5580000,0x00000000d6200000,0x00000000d6200000)
  from space 1024K, 93% used [0x00000000d6400000,0x00000000d64f0020,0x00000000d6500000)
  to   space 1536K, 0% used [0x00000000d6200000,0x00000000d6200000,0x00000000d6380000)
 ParOldGen       total 71680K, used 71560K [0x0000000080000000, 0x0000000084600000, 0x00000000d5580000)
  object space 71680K, 99% used [0x0000000080000000,0x00000000845e21e8,0x0000000084600000)
 Metaspace       used 58056K, committed 59456K, reserved 1114112K
  class space    used 6206K, committed 6784K, reserved 1048576K
}
Event: 10.898 GC heap after
{Heap after GC invocations=53 (full 2):
 PSYoungGen      total 14336K, used 960K [0x00000000d5580000, 0x00000000d6480000, 0x0000000100000000)
  eden space 12800K, 0% used [0x00000000d5580000,0x00000000d5580000,0x00000000d6200000)
  from space 1536K, 62% used [0x00000000d6200000,0x00000000d62f0000,0x00000000d6380000)
  to   space 1024K, 0% used [0x00000000d6380000,0x00000000d6380000,0x00000000d6480000)
 ParOldGen       total 72704K, used 72256K [0x0000000080000000, 0x0000000084700000, 0x00000000d5580000)
  object space 72704K, 99% used [0x0000000080000000,0x00000000846901e8,0x0000000084700000)
 Metaspace       used 58056K, committed 59456K, reserved 1114112K
  class space    used 6206K, committed 6784K, reserved 1048576K
}
Event: 11.119 GC heap before
{Heap before GC invocations=54 (full 2):
 PSYoungGen      total 14336K, used 13287K [0x00000000d5580000, 0x00000000d6480000, 0x0000000100000000)
  eden space 12800K, 96% used [0x00000000d5580000,0x00000000d6189cf8,0x00000000d6200000)
  from space 1536K, 62% used [0x00000000d6200000,0x00000000d62f0000,0x00000000d6380000)
  to   space 1024K, 0% used [0x00000000d6380000,0x00000000d6380000,0x00000000d6480000)
 ParOldGen       total 72704K, used 72256K [0x0000000080000000, 0x0000000084700000, 0x00000000d5580000)
  object space 72704K, 99% used [0x0000000080000000,0x00000000846901e8,0x0000000084700000)
 Metaspace       used 58394K, committed 59776K, reserved 1114112K
  class space    used 6230K, committed 6848K, reserved 1048576K
}
Event: 11.121 GC heap after
{Heap after GC invocations=54 (full 2):
 PSYoungGen      total 13824K, used 743K [0x00000000d5580000, 0x00000000d6480000, 0x0000000100000000)
  eden space 12800K, 0% used [0x00000000d5580000,0x00000000d5580000,0x00000000d6200000)
  from space 1024K, 72% used [0x00000000d6380000,0x00000000d6439d00,0x00000000d6480000)
  to   space 1024K, 0% used [0x00000000d6280000,0x00000000d6280000,0x00000000d6380000)
 ParOldGen       total 73216K, used 73048K [0x0000000080000000, 0x0000000084780000, 0x00000000d5580000)
  object space 73216K, 99% used [0x0000000080000000,0x00000000847561e8,0x0000000084780000)
 Metaspace       used 58394K, committed 59776K, reserved 1114112K
  class space    used 6230K, committed 6848K, reserved 1048576K
}
Event: 11.121 GC heap before
{Heap before GC invocations=55 (full 3):
 PSYoungGen      total 13824K, used 743K [0x00000000d5580000, 0x00000000d6480000, 0x0000000100000000)
  eden space 12800K, 0% used [0x00000000d5580000,0x00000000d5580000,0x00000000d6200000)
  from space 1024K, 72% used [0x00000000d6380000,0x00000000d6439d00,0x00000000d6480000)
  to   space 1024K, 0% used [0x00000000d6280000,0x00000000d6280000,0x00000000d6380000)
 ParOldGen       total 73216K, used 73048K [0x0000000080000000, 0x0000000084780000, 0x00000000d5580000)
  object space 73216K, 99% used [0x0000000080000000,0x00000000847561e8,0x0000000084780000)
 Metaspace       used 58394K, committed 59776K, reserved 1114112K
  class space    used 6230K, committed 6848K, reserved 1048576K
}
Event: 11.221 GC heap after
{Heap after GC invocations=55 (full 3):
 PSYoungGen      total 13824K, used 0K [0x00000000d5580000, 0x00000000d6480000, 0x0000000100000000)
  eden space 12800K, 0% used [0x00000000d5580000,0x00000000d5580000,0x00000000d6200000)
  from space 1024K, 0% used [0x00000000d6380000,0x00000000d6380000,0x00000000d6480000)
  to   space 1024K, 0% used [0x00000000d6280000,0x00000000d6280000,0x00000000d6380000)
 ParOldGen       total 73216K, used 51235K [0x0000000080000000, 0x0000000084780000, 0x00000000d5580000)
  object space 73216K, 69% used [0x0000000080000000,0x0000000083208cd8,0x0000000084780000)
 Metaspace       used 58388K, committed 59776K, reserved 1114112K
  class space    used 6228K, committed 6848K, reserved 1048576K
}

