# JRE version: OpenJDK Runtime Environment Temurin-21.0.10+7 (21.0.10+7) (build 21.0.10+7-LTS)
# Java VM: OpenJDK 64-Bit Server VM Temurin-21.0.10+7 (21.0.10+7-LTS, mixed mode, sharing, tiered, compressed oops, compressed class ptrs, parallel gc, windows-amd64)
GC Precious Log:
 CardTable entry size: 512
 CPUs: 8 total, 8 available
 Memory: 7480M
 Large Page Support: Disabled
 NUMA Support: Disabled
 Compressed Oops: Enabled (32-bit)
 Alignments: Space 512K, Generation 512K, Heap 2M
 Heap Min Capacity: 100M
 Heap Initial Capacity: 100M
 Heap Max Capacity: 2G
 Pre-touch: Disabled
 Parallel Workers: 8
Heap:
 PSYoungGen      total 9728K, used 3486K [0x00000000d5580000, 0x00000000d6080000, 0x0000000100000000)
  eden space 9216K, 34% used [0x00000000d5580000,0x00000000d58974c0,0x00000000d5e80000)
  from space 512K, 62% used [0x00000000d5e80000,0x00000000d5ed0470,0x00000000d5f00000)
  to   space 1024K, 0% used [0x00000000d5f80000,0x00000000d5f80000,0x00000000d6080000)
 ParOldGen       total 97792K, used 97665K [0x0000000080000000, 0x0000000085f80000, 0x00000000d5580000)
  object space 97792K, 99% used [0x0000000080000000,0x0000000085f60790,0x0000000085f80000)
 Metaspace       used 64838K, committed 66368K, reserved 1114112K
  class space    used 6884K, committed 7552K, reserved 1048576K
GC Heap History (20 events):
Event: 15.502 GC heap before
{Heap before GC invocations=193 (full 3):
 PSYoungGen      total 9728K, used 9632K [0x00000000d5580000, 0x00000000d6080000, 0x0000000100000000)
  eden space 9216K, 100% used [0x00000000d5580000,0x00000000d5e80000,0x00000000d5e80000)
  from space 512K, 81% used [0x00000000d5f80000,0x00000000d5fe8000,0x00000000d6000000)
  to   space 512K, 0% used [0x00000000d6000000,0x00000000d6000000,0x00000000d6080000)
 ParOldGen       total 94208K, used 94205K [0x0000000080000000, 0x0000000085c00000, 0x00000000d5580000)
  object space 94208K, 99% used [0x0000000080000000,0x0000000085bff5f0,0x0000000085c00000)
 Metaspace       used 63442K, committed 64960K, reserved 1114112K
  class space    used 6774K, committed 7424K, reserved 1048576K
}
Event: 15.503 GC heap after
{Heap after GC invocations=193 (full 3):
 PSYoungGen      total 9728K, used 386K [0x00000000d5580000, 0x00000000d6080000, 0x0000000100000000)
  eden space 9216K, 0% used [0x00000000d5580000,0x00000000d5580000,0x00000000d5e80000)
  from space 512K, 75% used [0x00000000d6000000,0x00000000d6060800,0x00000000d6080000)
  to   space 512K, 0% used [0x00000000d5f80000,0x00000000d5f80000,0x00000000d6000000)
 ParOldGen       total 94720K, used 94293K [0x0000000080000000, 0x0000000085c80000, 0x00000000d5580000)
  object space 94720K, 99% used [0x0000000080000000,0x0000000085c155f0,0x0000000085c80000)
 Metaspace       used 63442K, committed 64960K, reserved 1114112K
  class space    used 6774K, committed 7424K, reserved 1048576K
}
Event: 15.517 GC heap before
{Heap before GC invocations=194 (full 3):
 PSYoungGen      total 9728K, used 9602K [0x00000000d5580000, 0x00000000d6080000, 0x0000000100000000)
  eden space 9216K, 100% used [0x00000000d5580000,0x00000000d5e80000,0x00000000d5e80000)
  from space 512K, 75% used [0x00000000d6000000,0x00000000d6060800,0x00000000d6080000)
  to   space 512K, 0% used [0x00000000d5f80000,0x00000000d5f80000,0x00000000d6000000)
 ParOldGen       total 94720K, used 94293K [0x0000000080000000, 0x0000000085c80000, 0x00000000d5580000)
  object space 94720K, 99% used [0x0000000080000000,0x0000000085c155f0,0x0000000085c80000)
 Metaspace       used 63453K, committed 64960K, reserved 1114112K
  class space    used 6774K, committed 7424K, reserved 1048576K
}
Event: 15.520 GC heap after
{Heap after GC invocations=194 (full 3):
 PSYoungGen      total 9728K, used 485K [0x00000000d5580000, 0x00000000d6080000, 0x0000000100000000)
  eden space 9216K, 0% used [0x00000000d5580000,0x00000000d5580000,0x00000000d5e80000)
  from space 512K, 94% used [0x00000000d5f80000,0x00000000d5ff94f0,0x00000000d6000000)
  to   space 512K, 0% used [0x00000000d6000000,0x00000000d6000000,0x00000000d6080000)
 ParOldGen       total 94720K, used 94575K [0x0000000080000000, 0x0000000085c80000, 0x00000000d5580000)
  object space 94720K, 99% used [0x0000000080000000,0x0000000085c5bdf0,0x0000000085c80000)
 Metaspace       used 63453K, committed 64960K, reserved 1114112K
  class space    used 6774K, committed 7424K, reserved 1048576K
}
Event: 15.540 GC heap before
{Heap before GC invocations=195 (full 3):
 PSYoungGen      total 9728K, used 9701K [0x00000000d5580000, 0x00000000d6080000, 0x0000000100000000)
  eden space 9216K, 100% used [0x00000000d5580000,0x00000000d5e80000,0x00000000d5e80000)
  from space 512K, 94% used [0x00000000d5f80000,0x00000000d5ff94f0,0x00000000d6000000)
  to   space 512K, 0% used [0x00000000d6000000,0x00000000d6000000,0x00000000d6080000)
 ParOldGen       total 94720K, used 94575K [0x0000000080000000, 0x0000000085c80000, 0x00000000d5580000)
  object space 94720K, 99% used [0x0000000080000000,0x0000000085c5bdf0,0x0000000085c80000)
 Metaspace       used 63454K, committed 64960K, reserved 1114112K
  class space    used 6774K, committed 7424K, reserved 1048576K
}
Event: 15.541 GC heap after
{Heap after GC invocations=195 (full 3):
 PSYoungGen      total 9728K, used 431K [0x00000000d5580000, 0x00000000d6080000, 0x0000000100000000)
  eden space 9216K, 0% used [0x00000000d5580000,0x00000000d5580000,0x00000000d5e80000)
  from space 512K, 84% used [0x00000000d6000000,0x00000000d606bcc8,0x00000000d6080000)
  to   space 1024K, 0% used [0x00000000d5e80000,0x00000000d5e80000,0x00000000d5f80000)
 ParOldGen       total 95232K, used 94871K [0x0000000080000000, 0x0000000085d00000, 0x00000000d5580000)
  object space 95232K, 99% used [0x0000000080000000,0x0000000085ca5fa8,0x0000000085d00000)
 Metaspace       used 63454K, committed 64960K, reserved 1114112K
  class space    used 6774K, committed 7424K, reserved 1048576K
}
Event: 15.554 GC heap before
{Heap before GC invocations=196 (full 3):
 PSYoungGen      total 9728K, used 9647K [0x00000000d5580000, 0x00000000d6080000, 0x0000000100000000)
  eden space 9216K, 100% used [0x00000000d5580000,0x00000000d5e80000,0x00000000d5e80000)
  from space 512K, 84% used [0x00000000d6000000,0x00000000d606bcc8,0x00000000d6080000)
  to   space 1024K, 0% used [0x00000000d5e80000,0x00000000d5e80000,0x00000000d5f80000)
 ParOldGen       total 95232K, used 94871K [0x0000000080000000, 0x0000000085d00000, 0x00000000d5580000)
  object space 95232K, 99% used [0x0000000080000000,0x0000000085ca5fa8,0x0000000085d00000)
 Metaspace       used 63454K, committed 64960K, reserved 1114112K
  class space    used 6774K, committed 7424K, reserved 1048576K
}
Event: 15.555 GC heap after
{Heap after GC invocations=196 (full 3):
 PSYoungGen      total 10240K, used 335K [0x00000000d5580000, 0x00000000d6080000, 0x0000000100000000)
  eden space 9216K, 0% used [0x00000000d5580000,0x00000000d5580000,0x00000000d5e80000)
  from space 1024K, 32% used [0x00000000d5e80000,0x00000000d5ed3e10,0x00000000d5f80000)
  to   space 512K, 0% used [0x00000000d6000000,0x00000000d6000000,0x00000000d6080000)
 ParOldGen       total 95232K, used 95192K [0x0000000080000000, 0x0000000085d00000, 0x00000000d5580000)
  object space 95232K, 99% used [0x0000000080000000,0x0000000085cf61f0,0x0000000085d00000)
 Metaspace       used 63454K, committed 64960K, reserved 1114112K
  class space    used 6774K, committed 7424K, reserved 1048576K
}
Event: 15.567 GC heap before
{Heap before GC invocations=197 (full 3):
 PSYoungGen      total 10240K, used 9551K [0x00000000d5580000, 0x00000000d6080000, 0x0000000100000000)
  eden space 9216K, 99% used [0x00000000d5580000,0x00000000d5e7fff8,0x00000000d5e80000)
  from space 1024K, 32% used [0x00000000d5e80000,0x00000000d5ed3e10,0x00000000d5f80000)
  to   space 512K, 0% used [0x00000000d6000000,0x00000000d6000000,0x00000000d6080000)
 ParOldGen       total 95232K, used 95192K [0x0000000080000000, 0x0000000085d00000, 0x00000000d5580000)
  object space 95232K, 99% used [0x0000000080000000,0x0000000085cf61f0,0x0000000085d00000)
 Metaspace       used 63454K, committed 64960K, reserved 1114112K
  class space    used 6774K, committed 7424K, reserved 1048576K
}
Event: 15.568 GC heap after
{Heap after GC invocations=197 (full 3):
 PSYoungGen      total 9728K, used 383K [0x00000000d5580000, 0x00000000d6080000, 0x0000000100000000)
  eden space 9216K, 0% used [0x00000000d5580000,0x00000000d5580000,0x00000000d5e80000)
  from space 512K, 74% used [0x00000000d6000000,0x00000000d605ffa0,0x00000000d6080000)
  to   space 512K, 0% used [0x00000000d5f80000,0x00000000d5f80000,0x00000000d6000000)
 ParOldGen       total 95744K, used 95430K [0x0000000080000000, 0x0000000085d80000, 0x00000000d5580000)
  object space 95744K, 99% used [0x0000000080000000,0x0000000085d318d8,0x0000000085d80000)
 Metaspace       used 63454K, committed 64960K, reserved 1114112K
  class space    used 6774K, committed 7424K, reserved 1048576K
}
Event: 15.574 GC heap before
{Heap before GC invocations=198 (full 3):
 PSYoungGen      total 9728K, used 9599K [0x00000000d5580000, 0x00000000d6080000, 0x0000000100000000)
  eden space 9216K, 100% used [0x00000000d5580000,0x00000000d5e80000,0x00000000d5e80000)
  from space 512K, 74% used [0x00000000d6000000,0x00000000d605ffa0,0x00000000d6080000)
  to   space 512K, 0% used [0x00000000d5f80000,0x00000000d5f80000,0x00000000d6000000)
 ParOldGen       total 95744K, used 95430K [0x0000000080000000, 0x0000000085d80000, 0x00000000d5580000)
  object space 95744K, 99% used [0x0000000080000000,0x0000000085d318d8,0x0000000085d80000)
 Metaspace       used 63454K, committed 64960K, reserved 1114112K
  class space    used 6774K, committed 7424K, reserved 1048576K
}
Event: 15.575 GC heap after
{Heap after GC invocations=198 (full 3):
 PSYoungGen      total 9728K, used 224K [0x00000000d5580000, 0x00000000d6080000, 0x0000000100000000)
  eden space 9216K, 0% used [0x00000000d5580000,0x00000000d5580000,0x00000000d5e80000)
  from space 512K, 43% used [0x00000000d5f80000,0x00000000d5fb8000,0x00000000d6000000)
  to   space 512K, 0% used [0x00000000d6000000,0x00000000d6000000,0x00000000d6080000)
 ParOldGen       total 95744K, used 95700K [0x0000000080000000, 0x0000000085d80000, 0x00000000d5580000)
  object space 95744K, 99% used [0x0000000080000000,0x0000000085d75348,0x0000000085d80000)
 Metaspace       used 63454K, committed 64960K, reserved 1114112K
  class space    used 6774K, committed 7424K, reserved 1048576K
}
Event: 15.584 GC heap before
{Heap before GC invocations=199 (full 3):
 PSYoungGen      total 9728K, used 9440K [0x00000000d5580000, 0x00000000d6080000, 0x0000000100000000)
  eden space 9216K, 100% used [0x00000000d5580000,0x00000000d5e80000,0x00000000d5e80000)
  from space 512K, 43% used [0x00000000d5f80000,0x00000000d5fb8000,0x00000000d6000000)
  to   space 512K, 0% used [0x00000000d6000000,0x00000000d6000000,0x00000000d6080000)
 ParOldGen       total 95744K, used 95700K [0x0000000080000000, 0x0000000085d80000, 0x00000000d5580000)
  object space 95744K, 99% used [0x0000000080000000,0x0000000085d75348,0x0000000085d80000)
 Metaspace       used 63454K, committed 64960K, reserved 1114112K
  class space    used 6774K, committed 7424K, reserved 1048576K
}
Event: 15.586 GC heap after
{Heap after GC invocations=199 (full 3):
 PSYoungGen      total 9728K, used 319K [0x00000000d5580000, 0x00000000d6080000, 0x0000000100000000)
  eden space 9216K, 0% used [0x00000000d5580000,0x00000000d5580000,0x00000000d5e80000)
  from space 512K, 62% used [0x00000000d6000000,0x00000000d604ff70,0x00000000d6080000)
  to   space 512K, 0% used [0x00000000d5f80000,0x00000000d5f80000,0x00000000d6000000)
 ParOldGen       total 96256K, used 95900K [0x0000000080000000, 0x0000000085e00000, 0x00000000d5580000)
  object space 96256K, 99% used [0x0000000080000000,0x0000000085da7348,0x0000000085e00000)
 Metaspace       used 63454K, committed 64960K, reserved 1114112K
  class space    used 6774K, committed 7424K, reserved 1048576K
}
Event: 15.657 GC heap before
{Heap before GC invocations=200 (full 3):
 PSYoungGen      total 9728K, used 9535K [0x00000000d5580000, 0x00000000d6080000, 0x0000000100000000)
  eden space 9216K, 100% used [0x00000000d5580000,0x00000000d5e80000,0x00000000d5e80000)
  from space 512K, 62% used [0x00000000d6000000,0x00000000d604ff70,0x00000000d6080000)
  to   space 512K, 0% used [0x00000000d5f80000,0x00000000d5f80000,0x00000000d6000000)
 ParOldGen       total 96256K, used 95900K [0x0000000080000000, 0x0000000085e00000, 0x00000000d5580000)
  object space 96256K, 99% used [0x0000000080000000,0x0000000085da7348,0x0000000085e00000)
 Metaspace       used 63676K, committed 65152K, reserved 1114112K
  class space    used 6798K, committed 7424K, reserved 1048576K
}
Event: 15.659 GC heap after
{Heap after GC invocations=200 (full 3):
 PSYoungGen      total 9728K, used 512K [0x00000000d5580000, 0x00000000d6180000, 0x0000000100000000)
  eden space 9216K, 0% used [0x00000000d5580000,0x00000000d5580000,0x00000000d5e80000)
  from space 512K, 100% used [0x00000000d5f80000,0x00000000d6000000,0x00000000d6000000)
  to   space 1536K, 0% used [0x00000000d6000000,0x00000000d6000000,0x00000000d6180000)
 ParOldGen       total 96768K, used 96639K [0x0000000080000000, 0x0000000085e80000, 0x00000000d5580000)
  object space 96768K, 99% used [0x0000000080000000,0x0000000085e5fe78,0x0000000085e80000)
 Metaspace       used 63676K, committed 65152K, reserved 1114112K
  class space    used 6798K, committed 7424K, reserved 1048576K
}
Event: 15.736 GC heap before
{Heap before GC invocations=201 (full 3):
 PSYoungGen      total 9728K, used 9728K [0x00000000d5580000, 0x00000000d6180000, 0x0000000100000000)
  eden space 9216K, 100% used [0x00000000d5580000,0x00000000d5e80000,0x00000000d5e80000)
  from space 512K, 100% used [0x00000000d5f80000,0x00000000d6000000,0x00000000d6000000)
  to   space 1536K, 0% used [0x00000000d6000000,0x00000000d6000000,0x00000000d6180000)
 ParOldGen       total 96768K, used 96639K [0x0000000080000000, 0x0000000085e80000, 0x00000000d5580000)
  object space 96768K, 99% used [0x0000000080000000,0x0000000085e5fe78,0x0000000085e80000)
 Metaspace       used 64149K, committed 65664K, reserved 1114112K
  class space    used 6822K, committed 7488K, reserved 1048576K
}
Event: 15.738 GC heap after
{Heap after GC invocations=201 (full 3):
 PSYoungGen      total 10752K, used 1012K [0x00000000d5580000, 0x00000000d6180000, 0x0000000100000000)
  eden space 9216K, 0% used [0x00000000d5580000,0x00000000d5580000,0x00000000d5e80000)
  from space 1536K, 65% used [0x00000000d6000000,0x00000000d60fd200,0x00000000d6180000)
  to   space 1536K, 0% used [0x00000000d5e80000,0x00000000d5e80000,0x00000000d6000000)
 ParOldGen       total 97280K, used 97116K [0x0000000080000000, 0x0000000085f00000, 0x00000000d5580000)
  object space 97280K, 99% used [0x0000000080000000,0x0000000085ed7058,0x0000000085f00000)
 Metaspace       used 64149K, committed 65664K, reserved 1114112K
  class space    used 6822K, committed 7488K, reserved 1048576K
}
Event: 15.856 GC heap before
{Heap before GC invocations=202 (full 3):
 PSYoungGen      total 10752K, used 10213K [0x00000000d5580000, 0x00000000d6180000, 0x0000000100000000)
  eden space 9216K, 99% used [0x00000000d5580000,0x00000000d5e7c370,0x00000000d5e80000)
  from space 1536K, 65% used [0x00000000d6000000,0x00000000d60fd200,0x00000000d6180000)
  to   space 1536K, 0% used [0x00000000d5e80000,0x00000000d5e80000,0x00000000d6000000)
 ParOldGen       total 97280K, used 97116K [0x0000000080000000, 0x0000000085f00000, 0x00000000d5580000)
  object space 97280K, 99% used [0x0000000080000000,0x0000000085ed7058,0x0000000085f00000)
 Metaspace       used 64571K, committed 66112K, reserved 1114112K
  class space    used 6861K, committed 7488K, reserved 1048576K
}
Event: 15.858 GC heap after
{Heap after GC invocations=202 (full 3):
 PSYoungGen      total 9728K, used 321K [0x00000000d5580000, 0x00000000d6080000, 0x0000000100000000)
  eden space 9216K, 0% used [0x00000000d5580000,0x00000000d5580000,0x00000000d5e80000)
  from space 512K, 62% used [0x00000000d5e80000,0x00000000d5ed0470,0x00000000d5f00000)
  to   space 1024K, 0% used [0x00000000d5f80000,0x00000000d5f80000,0x00000000d6080000)
 ParOldGen       total 97792K, used 97665K [0x0000000080000000, 0x0000000085f80000, 0x00000000d5580000)
  object space 97792K, 99% used [0x0000000080000000,0x0000000085f60790,0x0000000085f80000)
 Metaspace       used 64571K, committed 66112K, reserved 1114112K
  class space    used 6861K, committed 7488K, reserved 1048576K
}

