# JRE version: OpenJDK Runtime Environment Temurin-21.0.10+7 (21.0.10+7) (build 21.0.10+7-LTS)
# Java VM: OpenJDK 64-Bit Server VM Temurin-21.0.10+7 (21.0.10+7-LTS, mixed mode, sharing, tiered, compressed oops, compressed class ptrs, parallel gc, windows-amd64)
GC Precious Log:
 CardTable entry size: 512
 CPUs: 8 total, 8 available
 Memory: 7480M
 Large Page Support: Disabled
 NUMA Support: Disabled
 Compressed Oops: Enabled (32-bit)
 Alignments: Space 512K, Generation 512K, Heap 2M
 Heap Min Capacity: 100M
 Heap Initial Capacity: 100M
 Heap Max Capacity: 2G
 Pre-touch: Disabled
 Parallel Workers: 8
Heap:
 PSYoungGen      total 15360K, used 8127K [0x00000000d5580000, 0x00000000d6780000, 0x0000000100000000)
  eden space 13824K, 47% used [0x00000000d5580000,0x00000000d5bf7e68,0x00000000d6300000)
  from space 1536K, 97% used [0x00000000d6500000,0x00000000d6678040,0x00000000d6680000)
  to   space 2048K, 0% used [0x00000000d6300000,0x00000000d6300000,0x00000000d6500000)
 ParOldGen       total 74240K, used 51381K [0x0000000080000000, 0x0000000084880000, 0x00000000d5580000)
  object space 74240K, 69% used [0x0000000080000000,0x000000008322d7b0,0x0000000084880000)
 Metaspace       used 59241K, committed 60608K, reserved 1114112K
  class space    used 6339K, committed 6912K, reserved 1048576K
GC Heap History (20 events):
Event: 12.336 GC heap before
{Heap before GC invocations=44 (full 2):
 PSYoungGen      total 15872K, used 15424K [0x00000000d5580000, 0x00000000d6880000, 0x0000000100000000)
  eden space 14336K, 100% used [0x00000000d5580000,0x00000000d6380000,0x00000000d6380000)
  from space 1536K, 70% used [0x00000000d6500000,0x00000000d6610000,0x00000000d6680000)
  to   space 1536K, 0% used [0x00000000d6700000,0x00000000d6700000,0x00000000d6880000)
 ParOldGen       total 68608K, used 66167K [0x0000000080000000, 0x0000000084300000, 0x00000000d5580000)
  object space 68608K, 96% used [0x0000000080000000,0x000000008409dfb8,0x0000000084300000)
 Metaspace       used 57322K, committed 58624K, reserved 1114112K
  class space    used 6157K, committed 6720K, reserved 1048576K
}
Event: 12.338 GC heap after
{Heap after GC invocations=44 (full 2):
 PSYoungGen      total 15872K, used 1216K [0x00000000d5580000, 0x00000000d6880000, 0x0000000100000000)
  eden space 14336K, 0% used [0x00000000d5580000,0x00000000d5580000,0x00000000d6380000)
  from space 1536K, 79% used [0x00000000d6700000,0x00000000d6830000,0x00000000d6880000)
  to   space 1536K, 0% used [0x00000000d6500000,0x00000000d6500000,0x00000000d6680000)
 ParOldGen       total 68608K, used 67071K [0x0000000080000000, 0x0000000084300000, 0x00000000d5580000)
  object space 68608K, 97% used [0x0000000080000000,0x000000008417ffb8,0x0000000084300000)
 Metaspace       used 57322K, committed 58624K, reserved 1114112K
  class space    used 6157K, committed 6720K, reserved 1048576K
}
Event: 12.423 GC heap before
{Heap before GC invocations=45 (full 2):
 PSYoungGen      total 15872K, used 15552K [0x00000000d5580000, 0x00000000d6880000, 0x0000000100000000)
  eden space 14336K, 100% used [0x00000000d5580000,0x00000000d6380000,0x00000000d6380000)
  from space 1536K, 79% used [0x00000000d6700000,0x00000000d6830000,0x00000000d6880000)
  to   space 1536K, 0% used [0x00000000d6500000,0x00000000d6500000,0x00000000d6680000)
 ParOldGen       total 68608K, used 67071K [0x0000000080000000, 0x0000000084300000, 0x00000000d5580000)
  object space 68608K, 97% used [0x0000000080000000,0x000000008417ffb8,0x0000000084300000)
 Metaspace       used 57655K, committed 59072K, reserved 1114112K
  class space    used 6204K, committed 6784K, reserved 1048576K
}
Event: 12.426 GC heap after
{Heap after GC invocations=45 (full 2):
 PSYoungGen      total 15872K, used 1536K [0x00000000d5580000, 0x00000000d6a80000, 0x0000000100000000)
  eden space 14336K, 0% used [0x00000000d5580000,0x00000000d5580000,0x00000000d6380000)
  from space 1536K, 100% used [0x00000000d6500000,0x00000000d6680000,0x00000000d6680000)
  to   space 3584K, 0% used [0x00000000d6700000,0x00000000d6700000,0x00000000d6a80000)
 ParOldGen       total 68608K, used 68555K [0x0000000080000000, 0x0000000084300000, 0x00000000d5580000)
  object space 68608K, 99% used [0x0000000080000000,0x00000000842f2cc8,0x0000000084300000)
 Metaspace       used 57655K, committed 59072K, reserved 1114112K
  class space    used 6204K, committed 6784K, reserved 1048576K
}
Event: 12.590 GC heap before
{Heap before GC invocations=46 (full 2):
 PSYoungGen      total 15872K, used 15872K [0x00000000d5580000, 0x00000000d6a80000, 0x0000000100000000)
  eden space 14336K, 100% used [0x00000000d5580000,0x00000000d6380000,0x00000000d6380000)
  from space 1536K, 100% used [0x00000000d6500000,0x00000000d6680000,0x00000000d6680000)
  to   space 3584K, 0% used [0x00000000d6700000,0x00000000d6700000,0x00000000d6a80000)
 ParOldGen       total 68608K, used 68555K [0x0000000080000000, 0x0000000084300000, 0x00000000d5580000)
  object space 68608K, 99% used [0x0000000080000000,0x00000000842f2cc8,0x0000000084300000)
 Metaspace       used 57858K, committed 59200K, reserved 1114112K
  class space    used 6204K, committed 6784K, reserved 1048576K
}
Event: 12.592 GC heap after
{Heap after GC invocations=46 (full 2):
 PSYoungGen      total 15872K, used 1280K [0x00000000d5580000, 0x00000000d6880000, 0x0000000100000000)
  eden space 14336K, 0% used [0x00000000d5580000,0x00000000d5580000,0x00000000d6380000)
  from space 1536K, 83% used [0x00000000d6700000,0x00000000d6840000,0x00000000d6880000)
  to   space 2048K, 0% used [0x00000000d6480000,0x00000000d6480000,0x00000000d6680000)
 ParOldGen       total 70144K, used 69683K [0x0000000080000000, 0x0000000084480000, 0x00000000d5580000)
  object space 70144K, 99% used [0x0000000080000000,0x000000008440ccf8,0x0000000084480000)
 Metaspace       used 57858K, committed 59200K, reserved 1114112K
  class space    used 6204K, committed 6784K, reserved 1048576K
}
Event: 12.657 GC heap before
{Heap before GC invocations=47 (full 2):
 PSYoungGen      total 15872K, used 15616K [0x00000000d5580000, 0x00000000d6880000, 0x0000000100000000)
  eden space 14336K, 100% used [0x00000000d5580000,0x00000000d6380000,0x00000000d6380000)
  from space 1536K, 83% used [0x00000000d6700000,0x00000000d6840000,0x00000000d6880000)
  to   space 2048K, 0% used [0x00000000d6480000,0x00000000d6480000,0x00000000d6680000)
 ParOldGen       total 70144K, used 69683K [0x0000000080000000, 0x0000000084480000, 0x00000000d5580000)
  object space 70144K, 99% used [0x0000000080000000,0x000000008440ccf8,0x0000000084480000)
 Metaspace       used 57954K, committed 59264K, reserved 1114112K
  class space    used 6204K, committed 6784K, reserved 1048576K
}
Event: 12.659 GC heap after
{Heap after GC invocations=47 (full 2):
 PSYoungGen      total 15872K, used 1200K [0x00000000d5580000, 0x00000000d6780000, 0x0000000100000000)
  eden space 14336K, 0% used [0x00000000d5580000,0x00000000d5580000,0x00000000d6380000)
  from space 1536K, 78% used [0x00000000d6480000,0x00000000d65ac030,0x00000000d6600000)
  to   space 1536K, 0% used [0x00000000d6600000,0x00000000d6600000,0x00000000d6780000)
 ParOldGen       total 71168K, used 70841K [0x0000000080000000, 0x0000000084580000, 0x00000000d5580000)
  object space 71168K, 99% used [0x0000000080000000,0x000000008452e410,0x0000000084580000)
 Metaspace       used 57954K, committed 59264K, reserved 1114112K
  class space    used 6204K, committed 6784K, reserved 1048576K
}
Event: 12.714 GC heap before
{Heap before GC invocations=48 (full 2):
 PSYoungGen      total 15872K, used 15536K [0x00000000d5580000, 0x00000000d6780000, 0x0000000100000000)
  eden space 14336K, 100% used [0x00000000d5580000,0x00000000d6380000,0x00000000d6380000)
  from space 1536K, 78% used [0x00000000d6480000,0x00000000d65ac030,0x00000000d6600000)
  to   space 1536K, 0% used [0x00000000d6600000,0x00000000d6600000,0x00000000d6780000)
 ParOldGen       total 71168K, used 70841K [0x0000000080000000, 0x0000000084580000, 0x00000000d5580000)
  object space 71168K, 99% used [0x0000000080000000,0x000000008452e410,0x0000000084580000)
 Metaspace       used 58013K, committed 59328K, reserved 1114112K
  class space    used 6204K, committed 6784K, reserved 1048576K
}
Event: 12.716 GC heap after
{Heap after GC invocations=48 (full 2):
 PSYoungGen      total 15872K, used 1152K [0x00000000d5580000, 0x00000000d6780000, 0x0000000100000000)
  eden space 14336K, 0% used [0x00000000d5580000,0x00000000d5580000,0x00000000d6380000)
  from space 1536K, 75% used [0x00000000d6600000,0x00000000d6720000,0x00000000d6780000)
  to   space 1536K, 0% used [0x00000000d6480000,0x00000000d6480000,0x00000000d6600000)
 ParOldGen       total 71680K, used 71563K [0x0000000080000000, 0x0000000084600000, 0x00000000d5580000)
  object space 71680K, 99% used [0x0000000080000000,0x00000000845e2c00,0x0000000084600000)
 Metaspace       used 58013K, committed 59328K, reserved 1114112K
  class space    used 6204K, committed 6784K, reserved 1048576K
}
Event: 12.789 GC heap before
{Heap before GC invocations=49 (full 2):
 PSYoungGen      total 15872K, used 15488K [0x00000000d5580000, 0x00000000d6780000, 0x0000000100000000)
  eden space 14336K, 100% used [0x00000000d5580000,0x00000000d6380000,0x00000000d6380000)
  from space 1536K, 75% used [0x00000000d6600000,0x00000000d6720000,0x00000000d6780000)
  to   space 1536K, 0% used [0x00000000d6480000,0x00000000d6480000,0x00000000d6600000)
 ParOldGen       total 71680K, used 71563K [0x0000000080000000, 0x0000000084600000, 0x00000000d5580000)
  object space 71680K, 99% used [0x0000000080000000,0x00000000845e2c00,0x0000000084600000)
 Metaspace       used 58089K, committed 59456K, reserved 1114112K
  class space    used 6206K, committed 6784K, reserved 1048576K
}
Event: 12.792 GC heap after
{Heap after GC invocations=49 (full 2):
 PSYoungGen      total 15360K, used 928K [0x00000000d5580000, 0x00000000d6680000, 0x0000000100000000)
  eden space 14336K, 0% used [0x00000000d5580000,0x00000000d5580000,0x00000000d6380000)
  from space 1024K, 90% used [0x00000000d6480000,0x00000000d6568000,0x00000000d6580000)
  to   space 1024K, 0% used [0x00000000d6580000,0x00000000d6580000,0x00000000d6680000)
 ParOldGen       total 72192K, used 72155K [0x0000000080000000, 0x0000000084680000, 0x00000000d5580000)
  object space 72192K, 99% used [0x0000000080000000,0x0000000084676c00,0x0000000084680000)
 Metaspace       used 58089K, committed 59456K, reserved 1114112K
  class space    used 6206K, committed 6784K, reserved 1048576K
}
Event: 12.866 GC heap before
{Heap before GC invocations=50 (full 2):
 PSYoungGen      total 15360K, used 15264K [0x00000000d5580000, 0x00000000d6680000, 0x0000000100000000)
  eden space 14336K, 100% used [0x00000000d5580000,0x00000000d6380000,0x00000000d6380000)
  from space 1024K, 90% used [0x00000000d6480000,0x00000000d6568000,0x00000000d6580000)
  to   space 1024K, 0% used [0x00000000d6580000,0x00000000d6580000,0x00000000d6680000)
 ParOldGen       total 72192K, used 72155K [0x0000000080000000, 0x0000000084680000, 0x00000000d5580000)
  object space 72192K, 99% used [0x0000000080000000,0x0000000084676c00,0x0000000084680000)
 Metaspace       used 58137K, committed 59520K, reserved 1114112K
  class space    used 6206K, committed 6784K, reserved 1048576K
}
Event: 12.869 GC heap after
{Heap after GC invocations=50 (full 2):
 PSYoungGen      total 15360K, used 1024K [0x00000000d5580000, 0x00000000d6780000, 0x0000000100000000)
  eden space 14336K, 0% used [0x00000000d5580000,0x00000000d5580000,0x00000000d6380000)
  from space 1024K, 100% used [0x00000000d6580000,0x00000000d6680000,0x00000000d6680000)
  to   space 2048K, 0% used [0x00000000d6380000,0x00000000d6380000,0x00000000d6580000)
 ParOldGen       total 73216K, used 72939K [0x0000000080000000, 0x0000000084780000, 0x00000000d5580000)
  object space 73216K, 99% used [0x0000000080000000,0x000000008473ac00,0x0000000084780000)
 Metaspace       used 58137K, committed 59520K, reserved 1114112K
  class space    used 6206K, committed 6784K, reserved 1048576K
}
Event: 13.061 GC heap before
{Heap before GC invocations=51 (full 2):
 PSYoungGen      total 15360K, used 13615K [0x00000000d5580000, 0x00000000d6780000, 0x0000000100000000)
  eden space 14336K, 87% used [0x00000000d5580000,0x00000000d61cbd78,0x00000000d6380000)
  from space 1024K, 100% used [0x00000000d6580000,0x00000000d6680000,0x00000000d6680000)
  to   space 2048K, 0% used [0x00000000d6380000,0x00000000d6380000,0x00000000d6580000)
 ParOldGen       total 73216K, used 72939K [0x0000000080000000, 0x0000000084780000, 0x00000000d5580000)
  object space 73216K, 99% used [0x0000000080000000,0x000000008473ac00,0x0000000084780000)
 Metaspace       used 58386K, committed 59776K, reserved 1114112K
  class space    used 6224K, committed 6848K, reserved 1048576K
}
Event: 13.063 GC heap after
{Heap after GC invocations=51 (full 2):
 PSYoungGen      total 15360K, used 736K [0x00000000d5580000, 0x00000000d6680000, 0x0000000100000000)
  eden space 14336K, 0% used [0x00000000d5580000,0x00000000d5580000,0x00000000d6380000)
  from space 1024K, 71% used [0x00000000d6380000,0x00000000d6438000,0x00000000d6480000)
  to   space 1536K, 0% used [0x00000000d6500000,0x00000000d6500000,0x00000000d6680000)
 ParOldGen       total 74240K, used 73779K [0x0000000080000000, 0x0000000084880000, 0x00000000d5580000)
  object space 74240K, 99% used [0x0000000080000000,0x000000008480cc00,0x0000000084880000)
 Metaspace       used 58386K, committed 59776K, reserved 1114112K
  class space    used 6224K, committed 6848K, reserved 1048576K
}
Event: 13.063 GC heap before
{Heap before GC invocations=52 (full 3):
 PSYoungGen      total 15360K, used 736K [0x00000000d5580000, 0x00000000d6680000, 0x0000000100000000)
  eden space 14336K, 0% used [0x00000000d5580000,0x00000000d5580000,0x00000000d6380000)
  from space 1024K, 71% used [0x00000000d6380000,0x00000000d6438000,0x00000000d6480000)
  to   space 1536K, 0% used [0x00000000d6500000,0x00000000d6500000,0x00000000d6680000)
 ParOldGen       total 74240K, used 73779K [0x0000000080000000, 0x0000000084880000, 0x00000000d5580000)
  object space 74240K, 99% used [0x0000000080000000,0x000000008480cc00,0x0000000084880000)
 Metaspace       used 58386K, committed 59776K, reserved 1114112K
  class space    used 6224K, committed 6848K, reserved 1048576K
}
Event: 13.156 GC heap after
{Heap after GC invocations=52 (full 3):
 PSYoungGen      total 15360K, used 0K [0x00000000d5580000, 0x00000000d6680000, 0x0000000100000000)
  eden space 14336K, 0% used [0x00000000d5580000,0x00000000d5580000,0x00000000d6380000)
  from space 1024K, 0% used [0x00000000d6380000,0x00000000d6380000,0x00000000d6480000)
  to   space 1536K, 0% used [0x00000000d6500000,0x00000000d6500000,0x00000000d6680000)
 ParOldGen       total 74240K, used 51173K [0x0000000080000000, 0x0000000084880000, 0x00000000d5580000)
  object space 74240K, 68% used [0x0000000080000000,0x00000000831f97b0,0x0000000084880000)
 Metaspace       used 58379K, committed 59776K, reserved 1114112K
  class space    used 6222K, committed 6848K, reserved 1048576K
}
Event: 13.355 GC heap before
{Heap before GC invocations=53 (full 3):
 PSYoungGen      total 15360K, used 14336K [0x00000000d5580000, 0x00000000d6680000, 0x0000000100000000)
  eden space 14336K, 100% used [0x00000000d5580000,0x00000000d6380000,0x00000000d6380000)
  from space 1024K, 0% used [0x00000000d6380000,0x00000000d6380000,0x00000000d6480000)
  to   space 1536K, 0% used [0x00000000d6500000,0x00000000d6500000,0x00000000d6680000)
 ParOldGen       total 74240K, used 51173K [0x0000000080000000, 0x0000000084880000, 0x00000000d5580000)
  object space 74240K, 68% used [0x0000000080000000,0x00000000831f97b0,0x0000000084880000)
 Metaspace       used 58947K, committed 60352K, reserved 1114112K
  class space    used 6304K, committed 6912K, reserved 1048576K
}
Event: 13.358 GC heap after
{Heap after GC invocations=53 (full 3):
 PSYoungGen      total 15360K, used 1504K [0x00000000d5580000, 0x00000000d6780000, 0x0000000100000000)
  eden space 13824K, 0% used [0x00000000d5580000,0x00000000d5580000,0x00000000d6300000)
  from space 1536K, 97% used [0x00000000d6500000,0x00000000d6678040,0x00000000d6680000)
  to   space 2048K, 0% used [0x00000000d6300000,0x00000000d6300000,0x00000000d6500000)
 ParOldGen       total 74240K, used 51381K [0x0000000080000000, 0x0000000084880000, 0x00000000d5580000)
  object space 74240K, 69% used [0x0000000080000000,0x000000008322d7b0,0x0000000084880000)
 Metaspace       used 58947K, committed 60352K, reserved 1114112K
  class space    used 6304K, committed 6912K, reserved 1048576K
}

