# JRE version: OpenJDK Runtime Environment Temurin-21.0.10+7 (21.0.10+7) (build 21.0.10+7-LTS)
# Java VM: OpenJDK 64-Bit Server VM Temurin-21.0.10+7 (21.0.10+7-LTS, mixed mode, sharing, tiered, compressed oops, compressed class ptrs, parallel gc, windows-amd64)
GC Precious Log:
 CardTable entry size: 512
 CPUs: 8 total, 8 available
 Memory: 7480M
 Large Page Support: Disabled
 NUMA Support: Disabled
 Compressed Oops: Enabled (32-bit)
 Alignments: Space 512K, Generation 512K, Heap 2M
 Heap Min Capacity: 100M
 Heap Initial Capacity: 100M
 Heap Max Capacity: 2G
 Pre-touch: Disabled
 Parallel Workers: 8
Heap:
 PSYoungGen      total 23040K, used 19393K [0x00000000d5580000, 0x00000000d7100000, 0x0000000100000000)
  eden space 22016K, 83% used [0x00000000d5580000,0x00000000d6771ba0,0x00000000d6b00000)
  from space 1024K, 99% used [0x00000000d7000000,0x00000000d70fe8c8,0x00000000d7100000)
  to   space 2048K, 0% used [0x00000000d6d00000,0x00000000d6d00000,0x00000000d6f00000)
 ParOldGen       total 78336K, used 51670K [0x0000000080000000, 0x0000000084c80000, 0x00000000d5580000)
  object space 78336K, 65% used [0x0000000080000000,0x0000000083275908,0x0000000084c80000)
 Metaspace       used 61233K, committed 62720K, reserved 1114112K
  class space    used 6576K, committed 7232K, reserved 1048576K
GC Heap History (20 events):
Event: 9.751 GC heap before
{Heap before GC invocations=34 (full 2):
 PSYoungGen      total 23552K, used 23534K [0x00000000d5580000, 0x00000000d7f00000, 0x0000000100000000)
  eden space 22016K, 100% used [0x00000000d5580000,0x00000000d6b00000,0x00000000d6b00000)
  from space 1536K, 98% used [0x00000000d7380000,0x00000000d74fb9d0,0x00000000d7500000)
  to   space 10240K, 0% used [0x00000000d7500000,0x00000000d7500000,0x00000000d7f00000)
 ParOldGen       total 68608K, used 67236K [0x0000000080000000, 0x0000000084300000, 0x00000000d5580000)
  object space 68608K, 98% used [0x0000000080000000,0x00000000841a9360,0x0000000084300000)
 Metaspace       used 56924K, committed 58176K, reserved 1114112K
  class space    used 6145K, committed 6656K, reserved 1048576K
}
Event: 9.753 GC heap after
{Heap after GC invocations=34 (full 2):
 PSYoungGen      total 25088K, used 2608K [0x00000000d5580000, 0x00000000d7800000, 0x0000000100000000)
  eden space 22016K, 0% used [0x00000000d5580000,0x00000000d5580000,0x00000000d6b00000)
  from space 3072K, 84% used [0x00000000d7500000,0x00000000d778c010,0x00000000d7800000)
  to   space 5120K, 0% used [0x00000000d6e00000,0x00000000d6e00000,0x00000000d7300000)
 ParOldGen       total 68608K, used 67531K [0x0000000080000000, 0x0000000084300000, 0x00000000d5580000)
  object space 68608K, 98% used [0x0000000080000000,0x00000000841f2f18,0x0000000084300000)
 Metaspace       used 56924K, committed 58176K, reserved 1114112K
  class space    used 6145K, committed 6656K, reserved 1048576K
}
Event: 10.058 GC heap before
{Heap before GC invocations=35 (full 2):
 PSYoungGen      total 25088K, used 24624K [0x00000000d5580000, 0x00000000d7800000, 0x0000000100000000)
  eden space 22016K, 100% used [0x00000000d5580000,0x00000000d6b00000,0x00000000d6b00000)
  from space 3072K, 84% used [0x00000000d7500000,0x00000000d778c010,0x00000000d7800000)
  to   space 5120K, 0% used [0x00000000d6e00000,0x00000000d6e00000,0x00000000d7300000)
 ParOldGen       total 68608K, used 67531K [0x0000000080000000, 0x0000000084300000, 0x00000000d5580000)
  object space 68608K, 98% used [0x0000000080000000,0x00000000841f2f18,0x0000000084300000)
 Metaspace       used 57170K, committed 58432K, reserved 1114112K
  class space    used 6146K, committed 6656K, reserved 1048576K
}
Event: 10.062 GC heap after
{Heap after GC invocations=35 (full 2):
 PSYoungGen      total 27136K, used 1728K [0x00000000d5580000, 0x00000000d7580000, 0x0000000100000000)
  eden space 22016K, 0% used [0x00000000d5580000,0x00000000d5580000,0x00000000d6b00000)
  from space 5120K, 33% used [0x00000000d6e00000,0x00000000d6fb0000,0x00000000d7300000)
  to   space 2560K, 0% used [0x00000000d7300000,0x00000000d7300000,0x00000000d7580000)
 ParOldGen       total 70144K, used 69911K [0x0000000080000000, 0x0000000084480000, 0x00000000d5580000)
  object space 70144K, 99% used [0x0000000080000000,0x0000000084445f28,0x0000000084480000)
 Metaspace       used 57170K, committed 58432K, reserved 1114112K
  class space    used 6146K, committed 6656K, reserved 1048576K
}
Event: 10.276 GC heap before
{Heap before GC invocations=36 (full 2):
 PSYoungGen      total 27136K, used 23744K [0x00000000d5580000, 0x00000000d7580000, 0x0000000100000000)
  eden space 22016K, 100% used [0x00000000d5580000,0x00000000d6b00000,0x00000000d6b00000)
  from space 5120K, 33% used [0x00000000d6e00000,0x00000000d6fb0000,0x00000000d7300000)
  to   space 2560K, 0% used [0x00000000d7300000,0x00000000d7300000,0x00000000d7580000)
 ParOldGen       total 70144K, used 69911K [0x0000000080000000, 0x0000000084480000, 0x00000000d5580000)
  object space 70144K, 99% used [0x0000000080000000,0x0000000084445f28,0x0000000084480000)
 Metaspace       used 57541K, committed 58880K, reserved 1114112K
  class space    used 6181K, committed 6720K, reserved 1048576K
}
Event: 10.279 GC heap after
{Heap after GC invocations=36 (full 2):
 PSYoungGen      total 24064K, used 2016K [0x00000000d5580000, 0x00000000d7500000, 0x0000000100000000)
  eden space 22016K, 0% used [0x00000000d5580000,0x00000000d5580000,0x00000000d6b00000)
  from space 2048K, 98% used [0x00000000d7300000,0x00000000d74f8000,0x00000000d7500000)
  to   space 2560K, 0% used [0x00000000d7000000,0x00000000d7000000,0x00000000d7280000)
 ParOldGen       total 71680K, used 71434K [0x0000000080000000, 0x0000000084600000, 0x00000000d5580000)
  object space 71680K, 99% used [0x0000000080000000,0x00000000845c2988,0x0000000084600000)
 Metaspace       used 57541K, committed 58880K, reserved 1114112K
  class space    used 6181K, committed 6720K, reserved 1048576K
}
Event: 10.460 GC heap before
{Heap before GC invocations=37 (full 2):
 PSYoungGen      total 24064K, used 24032K [0x00000000d5580000, 0x00000000d7500000, 0x0000000100000000)
  eden space 22016K, 100% used [0x00000000d5580000,0x00000000d6b00000,0x00000000d6b00000)
  from space 2048K, 98% used [0x00000000d7300000,0x00000000d74f8000,0x00000000d7500000)
  to   space 2560K, 0% used [0x00000000d7000000,0x00000000d7000000,0x00000000d7280000)
 ParOldGen       total 71680K, used 71434K [0x0000000080000000, 0x0000000084600000, 0x00000000d5580000)
  object space 71680K, 99% used [0x0000000080000000,0x00000000845c2988,0x0000000084600000)
 Metaspace       used 57818K, committed 59136K, reserved 1114112K
  class space    used 6201K, committed 6720K, reserved 1048576K
}
Event: 10.463 GC heap after
{Heap after GC invocations=37 (full 2):
 PSYoungGen      total 24576K, used 2304K [0x00000000d5580000, 0x00000000d7380000, 0x0000000100000000)
  eden space 22016K, 0% used [0x00000000d5580000,0x00000000d5580000,0x00000000d6b00000)
  from space 2560K, 90% used [0x00000000d7000000,0x00000000d7240000,0x00000000d7280000)
  to   space 1024K, 0% used [0x00000000d7280000,0x00000000d7280000,0x00000000d7380000)
 ParOldGen       total 73728K, used 73261K [0x0000000080000000, 0x0000000084800000, 0x00000000d5580000)
  object space 73728K, 99% used [0x0000000080000000,0x000000008478b6a8,0x0000000084800000)
 Metaspace       used 57818K, committed 59136K, reserved 1114112K
  class space    used 6201K, committed 6720K, reserved 1048576K
}
Event: 10.604 GC heap before
{Heap before GC invocations=38 (full 2):
 PSYoungGen      total 24576K, used 24320K [0x00000000d5580000, 0x00000000d7380000, 0x0000000100000000)
  eden space 22016K, 100% used [0x00000000d5580000,0x00000000d6b00000,0x00000000d6b00000)
  from space 2560K, 90% used [0x00000000d7000000,0x00000000d7240000,0x00000000d7280000)
  to   space 1024K, 0% used [0x00000000d7280000,0x00000000d7280000,0x00000000d7380000)
 ParOldGen       total 73728K, used 73261K [0x0000000080000000, 0x0000000084800000, 0x00000000d5580000)
  object space 73728K, 99% used [0x0000000080000000,0x000000008478b6a8,0x0000000084800000)
 Metaspace       used 57940K, committed 59200K, reserved 1114112K
  class space    used 6201K, committed 6720K, reserved 1048576K
}
Event: 10.608 GC heap after
{Heap after GC invocations=38 (full 2):
 PSYoungGen      total 23040K, used 1024K [0x00000000d5580000, 0x00000000d7380000, 0x0000000100000000)
  eden space 22016K, 0% used [0x00000000d5580000,0x00000000d5580000,0x00000000d6b00000)
  from space 1024K, 100% used [0x00000000d7280000,0x00000000d7380000,0x00000000d7380000)
  to   space 3584K, 0% used [0x00000000d6c80000,0x00000000d6c80000,0x00000000d7000000)
 ParOldGen       total 75776K, used 75574K [0x0000000080000000, 0x0000000084a00000, 0x00000000d5580000)
  object space 75776K, 99% used [0x0000000080000000,0x00000000849cdad0,0x0000000084a00000)
 Metaspace       used 57940K, committed 59200K, reserved 1114112K
  class space    used 6201K, committed 6720K, reserved 1048576K
}
Event: 10.728 GC heap before
{Heap before GC invocations=39 (full 2):
 PSYoungGen      total 23040K, used 23040K [0x00000000d5580000, 0x00000000d7380000, 0x0000000100000000)
  eden space 22016K, 100% used [0x00000000d5580000,0x00000000d6b00000,0x00000000d6b00000)
  from space 1024K, 100% used [0x00000000d7280000,0x00000000d7380000,0x00000000d7380000)
  to   space 3584K, 0% used [0x00000000d6c80000,0x00000000d6c80000,0x00000000d7000000)
 ParOldGen       total 75776K, used 75574K [0x0000000080000000, 0x0000000084a00000, 0x00000000d5580000)
  object space 75776K, 99% used [0x0000000080000000,0x00000000849cdad0,0x0000000084a00000)
 Metaspace       used 58082K, committed 59392K, reserved 1114112K
  class space    used 6201K, committed 6720K, reserved 1048576K
}
Event: 10.729 GC heap after
{Heap after GC invocations=39 (full 2):
 PSYoungGen      total 25600K, used 1728K [0x00000000d5580000, 0x00000000d7300000, 0x0000000100000000)
  eden space 22016K, 0% used [0x00000000d5580000,0x00000000d5580000,0x00000000d6b00000)
  from space 3584K, 48% used [0x00000000d6c80000,0x00000000d6e30000,0x00000000d7000000)
  to   space 2560K, 0% used [0x00000000d7080000,0x00000000d7080000,0x00000000d7300000)
 ParOldGen       total 76288K, used 76195K [0x0000000080000000, 0x0000000084a80000, 0x00000000d5580000)
  object space 76288K, 99% used [0x0000000080000000,0x0000000084a68ec8,0x0000000084a80000)
 Metaspace       used 58082K, committed 59392K, reserved 1114112K
  class space    used 6201K, committed 6720K, reserved 1048576K
}
Event: 10.872 GC heap before
{Heap before GC invocations=40 (full 2):
 PSYoungGen      total 25600K, used 23744K [0x00000000d5580000, 0x00000000d7300000, 0x0000000100000000)
  eden space 22016K, 100% used [0x00000000d5580000,0x00000000d6b00000,0x00000000d6b00000)
  from space 3584K, 48% used [0x00000000d6c80000,0x00000000d6e30000,0x00000000d7000000)
  to   space 2560K, 0% used [0x00000000d7080000,0x00000000d7080000,0x00000000d7300000)
 ParOldGen       total 76288K, used 76195K [0x0000000080000000, 0x0000000084a80000, 0x00000000d5580000)
  object space 76288K, 99% used [0x0000000080000000,0x0000000084a68ec8,0x0000000084a80000)
 Metaspace       used 58229K, committed 59520K, reserved 1114112K
  class space    used 6205K, committed 6720K, reserved 1048576K
}
Event: 10.874 GC heap after
{Heap after GC invocations=40 (full 2):
 PSYoungGen      total 23552K, used 1152K [0x00000000d5580000, 0x00000000d7200000, 0x0000000100000000)
  eden space 22016K, 0% used [0x00000000d5580000,0x00000000d5580000,0x00000000d6b00000)
  from space 1536K, 75% used [0x00000000d7080000,0x00000000d71a0000,0x00000000d7200000)
  to   space 1536K, 0% used [0x00000000d6f00000,0x00000000d6f00000,0x00000000d7080000)
 ParOldGen       total 77824K, used 77315K [0x0000000080000000, 0x0000000084c00000, 0x00000000d5580000)
  object space 77824K, 99% used [0x0000000080000000,0x0000000084b80ec8,0x0000000084c00000)
 Metaspace       used 58229K, committed 59520K, reserved 1114112K
  class space    used 6205K, committed 6720K, reserved 1048576K
}
Event: 11.053 GC heap before
{Heap before GC invocations=41 (full 2):
 PSYoungGen      total 23552K, used 5966K [0x00000000d5580000, 0x00000000d7200000, 0x0000000100000000)
  eden space 22016K, 21% used [0x00000000d5580000,0x00000000d5a33980,0x00000000d6b00000)
  from space 1536K, 75% used [0x00000000d7080000,0x00000000d71a0000,0x00000000d7200000)
  to   space 1536K, 0% used [0x00000000d6f00000,0x00000000d6f00000,0x00000000d7080000)
 ParOldGen       total 77824K, used 77315K [0x0000000080000000, 0x0000000084c00000, 0x00000000d5580000)
  object space 77824K, 99% used [0x0000000080000000,0x0000000084b80ec8,0x0000000084c00000)
 Metaspace       used 58458K, committed 59776K, reserved 1114112K
  class space    used 6226K, committed 6784K, reserved 1048576K
}
Event: 11.055 GC heap after
{Heap after GC invocations=41 (full 2):
 PSYoungGen      total 22528K, used 391K [0x00000000d5580000, 0x00000000d7100000, 0x0000000100000000)
  eden space 22016K, 0% used [0x00000000d5580000,0x00000000d5580000,0x00000000d6b00000)
  from space 512K, 76% used [0x00000000d6f00000,0x00000000d6f61d00,0x00000000d6f80000)
  to   space 1024K, 0% used [0x00000000d7000000,0x00000000d7000000,0x00000000d7100000)
 ParOldGen       total 78336K, used 78323K [0x0000000080000000, 0x0000000084c80000, 0x00000000d5580000)
  object space 78336K, 99% used [0x0000000080000000,0x0000000084c7cec8,0x0000000084c80000)
 Metaspace       used 58458K, committed 59776K, reserved 1114112K
  class space    used 6226K, committed 6784K, reserved 1048576K
}
Event: 11.055 GC heap before
{Heap before GC invocations=42 (full 3):
 PSYoungGen      total 22528K, used 391K [0x00000000d5580000, 0x00000000d7100000, 0x0000000100000000)
  eden space 22016K, 0% used [0x00000000d5580000,0x00000000d5580000,0x00000000d6b00000)
  from space 512K, 76% used [0x00000000d6f00000,0x00000000d6f61d00,0x00000000d6f80000)
  to   space 1024K, 0% used [0x00000000d7000000,0x00000000d7000000,0x00000000d7100000)
 ParOldGen       total 78336K, used 78323K [0x0000000080000000, 0x0000000084c80000, 0x00000000d5580000)
  object space 78336K, 99% used [0x0000000080000000,0x0000000084c7cec8,0x0000000084c80000)
 Metaspace       used 58458K, committed 59776K, reserved 1114112K
  class space    used 6226K, committed 6784K, reserved 1048576K
}
Event: 11.148 GC heap after
{Heap after GC invocations=42 (full 3):
 PSYoungGen      total 22528K, used 0K [0x00000000d5580000, 0x00000000d7100000, 0x0000000100000000)
  eden space 22016K, 0% used [0x00000000d5580000,0x00000000d5580000,0x00000000d6b00000)
  from space 512K, 0% used [0x00000000d6f00000,0x00000000d6f00000,0x00000000d6f80000)
  to   space 1024K, 0% used [0x00000000d7000000,0x00000000d7000000,0x00000000d7100000)
 ParOldGen       total 78336K, used 51230K [0x0000000080000000, 0x0000000084c80000, 0x00000000d5580000)
  object space 78336K, 65% used [0x0000000080000000,0x0000000083207908,0x0000000084c80000)
 Metaspace       used 58451K, committed 59776K, reserved 1114112K
  class space    used 6224K, committed 6784K, reserved 1048576K
}
Event: 11.515 GC heap before
{Heap before GC invocations=43 (full 3):
 PSYoungGen      total 22528K, used 22016K [0x00000000d5580000, 0x00000000d7100000, 0x0000000100000000)
  eden space 22016K, 100% used [0x00000000d5580000,0x00000000d6b00000,0x00000000d6b00000)
  from space 512K, 0% used [0x00000000d6f00000,0x00000000d6f00000,0x00000000d6f80000)
  to   space 1024K, 0% used [0x00000000d7000000,0x00000000d7000000,0x00000000d7100000)
 ParOldGen       total 78336K, used 51230K [0x0000000080000000, 0x0000000084c80000, 0x00000000d5580000)
  object space 78336K, 65% used [0x0000000080000000,0x0000000083207908,0x0000000084c80000)
 Metaspace       used 59400K, committed 60800K, reserved 1114112K
  class space    used 6352K, committed 6976K, reserved 1048576K
}
Event: 11.517 GC heap after
{Heap after GC invocations=43 (full 3):
 PSYoungGen      total 23040K, used 1018K [0x00000000d5580000, 0x00000000d7100000, 0x0000000100000000)
  eden space 22016K, 0% used [0x00000000d5580000,0x00000000d5580000,0x00000000d6b00000)
  from space 1024K, 99% used [0x00000000d7000000,0x00000000d70fe8c8,0x00000000d7100000)
  to   space 2048K, 0% used [0x00000000d6d00000,0x00000000d6d00000,0x00000000d6f00000)
 ParOldGen       total 78336K, used 51670K [0x0000000080000000, 0x0000000084c80000, 0x00000000d5580000)
  object space 78336K, 65% used [0x0000000080000000,0x0000000083275908,0x0000000084c80000)
 Metaspace       used 59400K, committed 60800K, reserved 1114112K
  class space    used 6352K, committed 6976K, reserved 1048576K
}

