# JRE version: OpenJDK Runtime Environment Temurin-21.0.10+7 (21.0.10+7) (build 21.0.10+7-LTS)
# Java VM: OpenJDK 64-Bit Server VM Temurin-21.0.10+7 (21.0.10+7-LTS, mixed mode, sharing, tiered, compressed oops, compressed class ptrs, parallel gc, windows-amd64)
GC Precious Log:
 CardTable entry size: 512
 CPUs: 8 total, 8 available
 Memory: 7480M
 Large Page Support: Disabled
 NUMA Support: Disabled
 Compressed Oops: Enabled (32-bit)
 Alignments: Space 512K, Generation 512K, Heap 2M
 Heap Min Capacity: 100M
 Heap Initial Capacity: 100M
 Heap Max Capacity: 2G
 Pre-touch: Disabled
 Parallel Workers: 8
Heap:
 PSYoungGen      total 2048K, used 1137K [0x00000000d5580000, 0x00000000d5d00000, 0x0000000100000000)
  eden space 1536K, 59% used [0x00000000d5580000,0x00000000d5664640,0x00000000d5700000)
  from space 512K, 43% used [0x00000000d5c00000,0x00000000d5c38000,0x00000000d5c80000)
  to   space 512K, 0% used [0x00000000d5c80000,0x00000000d5c80000,0x00000000d5d00000)
 ParOldGen       total 134144K, used 133849K [0x0000000080000000, 0x0000000088300000, 0x00000000d5580000)
  object space 134144K, 99% used [0x0000000080000000,0x00000000882b6558,0x0000000088300000)
 Metaspace       used 69418K, committed 71040K, reserved 1114112K
  class space    used 7285K, committed 7936K, reserved 1048576K
GC Heap History (20 events):
Event: 602.110 GC heap before
{Heap before GC invocations=109 (full 3):
 PSYoungGen      total 13824K, used 13754K [0x00000000d5580000, 0x00000000d6500000, 0x0000000100000000)
  eden space 12800K, 100% used [0x00000000d5580000,0x00000000d6200000,0x00000000d6200000)
  from space 1024K, 93% used [0x00000000d6200000,0x00000000d62ee8c8,0x00000000d6300000)
  to   space 1536K, 0% used [0x00000000d6380000,0x00000000d6380000,0x00000000d6500000)
 ParOldGen       total 117760K, used 117156K [0x0000000080000000, 0x0000000087300000, 0x00000000d5580000)
  object space 117760K, 99% used [0x0000000080000000,0x00000000872690a0,0x0000000087300000)
 Metaspace       used 68170K, committed 69760K, reserved 1114112K
  class space    used 7177K, committed 7808K, reserved 1048576K
}
Event: 602.146 GC heap after
{Heap after GC invocations=109 (full 3):
 PSYoungGen      total 9728K, used 1515K [0x00000000d5580000, 0x00000000d6e00000, 0x0000000100000000)
  eden space 8192K, 0% used [0x00000000d5580000,0x00000000d5580000,0x00000000d5d80000)
  from space 1536K, 98% used [0x00000000d6380000,0x00000000d64faca8,0x00000000d6500000)
  to   space 6144K, 0% used [0x00000000d5d80000,0x00000000d5d80000,0x00000000d6380000)
 ParOldGen       total 121344K, used 120979K [0x0000000080000000, 0x0000000087680000, 0x00000000d5580000)
  object space 121344K, 99% used [0x0000000080000000,0x0000000087624c00,0x0000000087680000)
 Metaspace       used 68170K, committed 69760K, reserved 1114112K
  class space    used 7177K, committed 7808K, reserved 1048576K
}
Event: 602.183 GC heap before
{Heap before GC invocations=110 (full 3):
 PSYoungGen      total 9728K, used 9707K [0x00000000d5580000, 0x00000000d6e00000, 0x0000000100000000)
  eden space 8192K, 100% used [0x00000000d5580000,0x00000000d5d80000,0x00000000d5d80000)
  from space 1536K, 98% used [0x00000000d6380000,0x00000000d64faca8,0x00000000d6500000)
  to   space 6144K, 0% used [0x00000000d5d80000,0x00000000d5d80000,0x00000000d6380000)
 ParOldGen       total 121344K, used 120979K [0x0000000080000000, 0x0000000087680000, 0x00000000d5580000)
  object space 121344K, 99% used [0x0000000080000000,0x0000000087624c00,0x0000000087680000)
 Metaspace       used 68171K, committed 69760K, reserved 1114112K
  class space    used 7177K, committed 7808K, reserved 1048576K
}
Event: 602.186 GC heap after
{Heap after GC invocations=110 (full 3):
 PSYoungGen      total 10752K, used 2293K [0x00000000d5580000, 0x00000000d6480000, 0x0000000100000000)
  eden space 8192K, 0% used [0x00000000d5580000,0x00000000d5580000,0x00000000d5d80000)
  from space 2560K, 89% used [0x00000000d5d80000,0x00000000d5fbd438,0x00000000d6000000)
  to   space 3584K, 0% used [0x00000000d6100000,0x00000000d6100000,0x00000000d6480000)
 ParOldGen       total 122880K, used 122479K [0x0000000080000000, 0x0000000087800000, 0x00000000d5580000)
  object space 122880K, 99% used [0x0000000080000000,0x000000008779bfe8,0x0000000087800000)
 Metaspace       used 68171K, committed 69760K, reserved 1114112K
  class space    used 7177K, committed 7808K, reserved 1048576K
}
Event: 602.654 GC heap before
{Heap before GC invocations=111 (full 3):
 PSYoungGen      total 10752K, used 10485K [0x00000000d5580000, 0x00000000d6480000, 0x0000000100000000)
  eden space 8192K, 100% used [0x00000000d5580000,0x00000000d5d80000,0x00000000d5d80000)
  from space 2560K, 89% used [0x00000000d5d80000,0x00000000d5fbd438,0x00000000d6000000)
  to   space 3584K, 0% used [0x00000000d6100000,0x00000000d6100000,0x00000000d6480000)
 ParOldGen       total 122880K, used 122479K [0x0000000080000000, 0x0000000087800000, 0x00000000d5580000)
  object space 122880K, 99% used [0x0000000080000000,0x000000008779bfe8,0x0000000087800000)
 Metaspace       used 68588K, committed 70144K, reserved 1114112K
  class space    used 7221K, committed 7872K, reserved 1048576K
}
Event: 602.657 GC heap after
{Heap after GC invocations=111 (full 3):
 PSYoungGen      total 10240K, used 2000K [0x00000000d5580000, 0x00000000d6300000, 0x0000000100000000)
  eden space 8192K, 0% used [0x00000000d5580000,0x00000000d5580000,0x00000000d5d80000)
  from space 2048K, 97% used [0x00000000d6100000,0x00000000d62f4048,0x00000000d6300000)
  to   space 2560K, 0% used [0x00000000d5e00000,0x00000000d5e00000,0x00000000d6080000)
 ParOldGen       total 124928K, used 124617K [0x0000000080000000, 0x0000000087a00000, 0x00000000d5580000)
  object space 124928K, 99% used [0x0000000080000000,0x00000000879b25c8,0x0000000087a00000)
 Metaspace       used 68588K, committed 70144K, reserved 1114112K
  class space    used 7221K, committed 7872K, reserved 1048576K
}
Event: 603.103 GC heap before
{Heap before GC invocations=112 (full 3):
 PSYoungGen      total 10240K, used 10150K [0x00000000d5580000, 0x00000000d6300000, 0x0000000100000000)
  eden space 8192K, 99% used [0x00000000d5580000,0x00000000d5d75ac0,0x00000000d5d80000)
  from space 2048K, 97% used [0x00000000d6100000,0x00000000d62f4048,0x00000000d6300000)
  to   space 2560K, 0% used [0x00000000d5e00000,0x00000000d5e00000,0x00000000d6080000)
 ParOldGen       total 124928K, used 124617K [0x0000000080000000, 0x0000000087a00000, 0x00000000d5580000)
  object space 124928K, 99% used [0x0000000080000000,0x00000000879b25c8,0x0000000087a00000)
 Metaspace       used 69140K, committed 70784K, reserved 1114112K
  class space    used 7274K, committed 7936K, reserved 1048576K
}
Event: 603.108 GC heap after
{Heap after GC invocations=112 (full 3):
 PSYoungGen      total 9728K, used 1232K [0x00000000d5580000, 0x00000000d6180000, 0x0000000100000000)
  eden space 8192K, 0% used [0x00000000d5580000,0x00000000d5580000,0x00000000d5d80000)
  from space 1536K, 80% used [0x00000000d5e00000,0x00000000d5f343f8,0x00000000d5f80000)
  to   space 2048K, 0% used [0x00000000d5f80000,0x00000000d5f80000,0x00000000d6180000)
 ParOldGen       total 125952K, used 125553K [0x0000000080000000, 0x0000000087b00000, 0x00000000d5580000)
  object space 125952K, 99% used [0x0000000080000000,0x0000000087a9c5e8,0x0000000087b00000)
 Metaspace       used 69140K, committed 70784K, reserved 1114112K
  class space    used 7274K, committed 7936K, reserved 1048576K
}
Event: 603.214 GC heap before
{Heap before GC invocations=113 (full 3):
 PSYoungGen      total 9728K, used 9424K [0x00000000d5580000, 0x00000000d6180000, 0x0000000100000000)
  eden space 8192K, 100% used [0x00000000d5580000,0x00000000d5d80000,0x00000000d5d80000)
  from space 1536K, 80% used [0x00000000d5e00000,0x00000000d5f343f8,0x00000000d5f80000)
  to   space 2048K, 0% used [0x00000000d5f80000,0x00000000d5f80000,0x00000000d6180000)
 ParOldGen       total 125952K, used 125553K [0x0000000080000000, 0x0000000087b00000, 0x00000000d5580000)
  object space 125952K, 99% used [0x0000000080000000,0x0000000087a9c5e8,0x0000000087b00000)
 Metaspace       used 69142K, committed 70784K, reserved 1114112K
  class space    used 7274K, committed 7936K, reserved 1048576K
}
Event: 603.219 GC heap after
{Heap after GC invocations=113 (full 3):
 PSYoungGen      total 3584K, used 2039K [0x00000000d5580000, 0x00000000d6e80000, 0x0000000100000000)
  eden space 1536K, 0% used [0x00000000d5580000,0x00000000d5580000,0x00000000d5700000)
  from space 2048K, 99% used [0x00000000d5f80000,0x00000000d617dca0,0x00000000d6180000)
  to   space 8704K, 0% used [0x00000000d5700000,0x00000000d5700000,0x00000000d5f80000)
 ParOldGen       total 131072K, used 130711K [0x0000000080000000, 0x0000000088000000, 0x00000000d5580000)
  object space 131072K, 99% used [0x0000000080000000,0x0000000087fa5ca0,0x0000000088000000)
 Metaspace       used 69142K, committed 70784K, reserved 1114112K
  class space    used 7274K, committed 7936K, reserved 1048576K
}
Event: 603.242 GC heap before
{Heap before GC invocations=114 (full 3):
 PSYoungGen      total 3584K, used 3575K [0x00000000d5580000, 0x00000000d6e80000, 0x0000000100000000)
  eden space 1536K, 100% used [0x00000000d5580000,0x00000000d5700000,0x00000000d5700000)
  from space 2048K, 99% used [0x00000000d5f80000,0x00000000d617dca0,0x00000000d6180000)
  to   space 8704K, 0% used [0x00000000d5700000,0x00000000d5700000,0x00000000d5f80000)
 ParOldGen       total 131072K, used 130711K [0x0000000080000000, 0x0000000088000000, 0x00000000d5580000)
  object space 131072K, 99% used [0x0000000080000000,0x0000000087fa5ca0,0x0000000088000000)
 Metaspace       used 69142K, committed 70784K, reserved 1114112K
  class space    used 7274K, committed 7936K, reserved 1048576K
}
Event: 603.244 GC heap after
{Heap after GC invocations=114 (full 3):
 PSYoungGen      total 2560K, used 711K [0x00000000d5580000, 0x00000000d6000000, 0x0000000100000000)
  eden space 1536K, 0% used [0x00000000d5580000,0x00000000d5580000,0x00000000d5700000)
  from space 1024K, 69% used [0x00000000d5700000,0x00000000d57b1c90,0x00000000d5800000)
  to   space 3072K, 0% used [0x00000000d5d00000,0x00000000d5d00000,0x00000000d6000000)
 ParOldGen       total 133120K, used 132746K [0x0000000080000000, 0x0000000088200000, 0x00000000d5580000)
  object space 133120K, 99% used [0x0000000080000000,0x00000000881a2bd8,0x0000000088200000)
 Metaspace       used 69142K, committed 70784K, reserved 1114112K
  class space    used 7274K, committed 7936K, reserved 1048576K
}
Event: 603.270 GC heap before
{Heap before GC invocations=115 (full 3):
 PSYoungGen      total 2560K, used 2247K [0x00000000d5580000, 0x00000000d6000000, 0x0000000100000000)
  eden space 1536K, 100% used [0x00000000d5580000,0x00000000d5700000,0x00000000d5700000)
  from space 1024K, 69% used [0x00000000d5700000,0x00000000d57b1c90,0x00000000d5800000)
  to   space 3072K, 0% used [0x00000000d5d00000,0x00000000d5d00000,0x00000000d6000000)
 ParOldGen       total 133120K, used 132746K [0x0000000080000000, 0x0000000088200000, 0x00000000d5580000)
  object space 133120K, 99% used [0x0000000080000000,0x00000000881a2bd8,0x0000000088200000)
 Metaspace       used 69148K, committed 70784K, reserved 1114112K
  class space    used 7274K, committed 7936K, reserved 1048576K
}
Event: 603.273 GC heap after
{Heap after GC invocations=115 (full 3):
 PSYoungGen      total 2560K, used 797K [0x00000000d5580000, 0x00000000d5e00000, 0x0000000100000000)
  eden space 1536K, 0% used [0x00000000d5580000,0x00000000d5580000,0x00000000d5700000)
  from space 1024K, 77% used [0x00000000d5d00000,0x00000000d5dc75a8,0x00000000d5e00000)
  to   space 1536K, 0% used [0x00000000d5b00000,0x00000000d5b00000,0x00000000d5c80000)
 ParOldGen       total 133632K, used 133269K [0x0000000080000000, 0x0000000088280000, 0x00000000d5580000)
  object space 133632K, 99% used [0x0000000080000000,0x0000000088225538,0x0000000088280000)
 Metaspace       used 69148K, committed 70784K, reserved 1114112K
  class space    used 7274K, committed 7936K, reserved 1048576K
}
Event: 603.541 GC heap before
{Heap before GC invocations=116 (full 3):
 PSYoungGen      total 2560K, used 2331K [0x00000000d5580000, 0x00000000d5e00000, 0x0000000100000000)
  eden space 1536K, 99% used [0x00000000d5580000,0x00000000d56ff9d0,0x00000000d5700000)
  from space 1024K, 77% used [0x00000000d5d00000,0x00000000d5dc75a8,0x00000000d5e00000)
  to   space 1536K, 0% used [0x00000000d5b00000,0x00000000d5b00000,0x00000000d5c80000)
 ParOldGen       total 133632K, used 133269K [0x0000000080000000, 0x0000000088280000, 0x00000000d5580000)
  object space 133632K, 99% used [0x0000000080000000,0x0000000088225538,0x0000000088280000)
 Metaspace       used 69212K, committed 70848K, reserved 1114112K
  class space    used 7277K, committed 7936K, reserved 1048576K
}
Event: 603.542 GC heap after
{Heap after GC invocations=116 (full 3):
 PSYoungGen      total 3072K, used 373K [0x00000000d5580000, 0x00000000d5d80000, 0x0000000100000000)
  eden space 1536K, 0% used [0x00000000d5580000,0x00000000d5580000,0x00000000d5700000)
  from space 1536K, 24% used [0x00000000d5b00000,0x00000000d5b5d5d8,0x00000000d5c80000)
  to   space 1024K, 0% used [0x00000000d5c80000,0x00000000d5c80000,0x00000000d5d80000)
 ParOldGen       total 134144K, used 133653K [0x0000000080000000, 0x0000000088300000, 0x00000000d5580000)
  object space 134144K, 99% used [0x0000000080000000,0x0000000088285538,0x0000000088300000)
 Metaspace       used 69212K, committed 70848K, reserved 1114112K
  class space    used 7277K, committed 7936K, reserved 1048576K
}
Event: 603.628 GC heap before
{Heap before GC invocations=117 (full 3):
 PSYoungGen      total 3072K, used 1909K [0x00000000d5580000, 0x00000000d5d80000, 0x0000000100000000)
  eden space 1536K, 100% used [0x00000000d5580000,0x00000000d5700000,0x00000000d5700000)
  from space 1536K, 24% used [0x00000000d5b00000,0x00000000d5b5d5d8,0x00000000d5c80000)
  to   space 1024K, 0% used [0x00000000d5c80000,0x00000000d5c80000,0x00000000d5d80000)
 ParOldGen       total 134144K, used 133653K [0x0000000080000000, 0x0000000088300000, 0x00000000d5580000)
  object space 134144K, 99% used [0x0000000080000000,0x0000000088285538,0x0000000088300000)
 Metaspace       used 69319K, committed 70912K, reserved 1114112K
  class space    used 7285K, committed 7936K, reserved 1048576K
}
Event: 603.630 GC heap after
{Heap after GC invocations=117 (full 3):
 PSYoungGen      total 2048K, used 224K [0x00000000d5580000, 0x00000000d5d00000, 0x0000000100000000)
  eden space 1536K, 0% used [0x00000000d5580000,0x00000000d5580000,0x00000000d5700000)
  from space 512K, 43% used [0x00000000d5c80000,0x00000000d5cb8000,0x00000000d5d00000)
  to   space 512K, 0% used [0x00000000d5c00000,0x00000000d5c00000,0x00000000d5c80000)
 ParOldGen       total 134144K, used 133785K [0x0000000080000000, 0x0000000088300000, 0x00000000d5580000)
  object space 134144K, 99% used [0x0000000080000000,0x00000000882a6548,0x0000000088300000)
 Metaspace       used 69319K, committed 70912K, reserved 1114112K
  class space    used 7285K, committed 7936K, reserved 1048576K
}
Event: 903.708 GC heap before
{Heap before GC invocations=118 (full 3):
 PSYoungGen      total 2048K, used 1760K [0x00000000d5580000, 0x00000000d5d00000, 0x0000000100000000)
  eden space 1536K, 100% used [0x00000000d5580000,0x00000000d5700000,0x00000000d5700000)
  from space 512K, 43% used [0x00000000d5c80000,0x00000000d5cb8000,0x00000000d5d00000)
  to   space 512K, 0% used [0x00000000d5c00000,0x00000000d5c00000,0x00000000d5c80000)
 ParOldGen       total 134144K, used 133785K [0x0000000080000000, 0x0000000088300000, 0x00000000d5580000)
  object space 134144K, 99% used [0x0000000080000000,0x00000000882a6548,0x0000000088300000)
 Metaspace       used 69368K, committed 70976K, reserved 1114112K
  class space    used 7285K, committed 7936K, reserved 1048576K
}
Event: 903.717 GC heap after
{Heap after GC invocations=118 (full 3):
 PSYoungGen      total 2048K, used 224K [0x00000000d5580000, 0x00000000d5d00000, 0x0000000100000000)
  eden space 1536K, 0% used [0x00000000d5580000,0x00000000d5580000,0x00000000d5700000)
  from space 512K, 43% used [0x00000000d5c00000,0x00000000d5c38000,0x00000000d5c80000)
  to   space 512K, 0% used [0x00000000d5c80000,0x00000000d5c80000,0x00000000d5d00000)
 ParOldGen       total 134144K, used 133849K [0x0000000080000000, 0x0000000088300000, 0x00000000d5580000)
  object space 134144K, 99% used [0x0000000080000000,0x00000000882b6558,0x0000000088300000)
 Metaspace       used 69368K, committed 70976K, reserved 1114112K
  class space    used 7285K, committed 7936K, reserved 1048576K
}

