# JRE version: OpenJDK Runtime Environment Temurin-17.0.19+10 (17.0.19+10) (build 17.0.19+10)
# Java VM: OpenJDK 64-Bit Server VM Temurin-17.0.19+10 (17.0.19+10, mixed mode, sharing, tiered, compressed oops, compressed class ptrs, g1 gc, windows-amd64)
GC Precious Log:
 CPUs: 8 total, 8 available
 Memory: 7480M
 Large Page Support: Disabled
 NUMA Support: Disabled
 Compressed Oops: Enabled (32-bit)
 Heap Region Size: 1M
 Heap Min Capacity: 8M
 Heap Initial Capacity: 118M
 Heap Max Capacity: 1872M
 Pre-touch: Disabled
 Parallel Workers: 8
 Concurrent Workers: 2
 Concurrent Refinement Workers: 8
 Periodic GC: Disabled
Heap:
 garbage-first heap   total 120832K, used 47345K [0x000000008b000000, 0x0000000100000000)
  region size 1024K, 33 young (33792K), 7 survivors (7168K)
 Metaspace       used 19036K, committed 19328K, reserved 1114112K
  class space    used 2150K, committed 2304K, reserved 1048576K
GC Heap History (10 events):
Event: 1.174 GC heap before
{Heap before GC invocations=0 (full 0):
 garbage-first heap   total 120832K, used 23552K [0x000000008b000000, 0x0000000100000000)
  region size 1024K, 23 young (23552K), 0 survivors (0K)
 Metaspace       used 5367K, committed 5568K, reserved 1114112K
  class space    used 642K, committed 768K, reserved 1048576K
}
Event: 1.183 GC heap after
{Heap after GC invocations=1 (full 0):
 garbage-first heap   total 120832K, used 3592K [0x000000008b000000, 0x0000000100000000)
  region size 1024K, 3 young (3072K), 3 survivors (3072K)
 Metaspace       used 5367K, committed 5568K, reserved 1114112K
  class space    used 642K, committed 768K, reserved 1048576K
}
Event: 1.950 GC heap before
{Heap before GC invocations=1 (full 0):
 garbage-first heap   total 120832K, used 35336K [0x000000008b000000, 0x0000000100000000)
  region size 1024K, 34 young (34816K), 3 survivors (3072K)
 Metaspace       used 8131K, committed 8384K, reserved 1114112K
  class space    used 979K, committed 1088K, reserved 1048576K
}
Event: 1.957 GC heap after
{Heap after GC invocations=2 (full 0):
 garbage-first heap   total 120832K, used 4780K [0x000000008b000000, 0x0000000100000000)
  region size 1024K, 2 young (2048K), 2 survivors (2048K)
 Metaspace       used 8131K, committed 8384K, reserved 1114112K
  class space    used 979K, committed 1088K, reserved 1048576K
}
Event: 3.526 GC heap before
{Heap before GC invocations=2 (full 0):
 garbage-first heap   total 120832K, used 74412K [0x000000008b000000, 0x0000000100000000)
  region size 1024K, 70 young (71680K), 2 survivors (2048K)
 Metaspace       used 15342K, committed 15552K, reserved 1114112K
  class space    used 1855K, committed 1920K, reserved 1048576K
}
Event: 3.547 GC heap after
{Heap after GC invocations=3 (full 0):
 garbage-first heap   total 120832K, used 12262K [0x000000008b000000, 0x0000000100000000)
  region size 1024K, 9 young (9216K), 9 survivors (9216K)
 Metaspace       used 15342K, committed 15552K, reserved 1114112K
  class space    used 1855K, committed 1920K, reserved 1048576K
}
Event: 4.636 GC heap before
{Heap before GC invocations=3 (full 0):
 garbage-first heap   total 120832K, used 74726K [0x000000008b000000, 0x0000000100000000)
  region size 1024K, 70 young (71680K), 9 survivors (9216K)
 Metaspace       used 15965K, committed 16192K, reserved 1114112K
  class space    used 1869K, committed 1984K, reserved 1048576K
}
Event: 4.652 GC heap after
{Heap after GC invocations=4 (full 0):
 garbage-first heap   total 120832K, used 16202K [0x000000008b000000, 0x0000000100000000)
  region size 1024K, 4 young (4096K), 4 survivors (4096K)
 Metaspace       used 15965K, committed 16192K, reserved 1114112K
  class space    used 1869K, committed 1984K, reserved 1048576K
}
Event: 5.852 GC heap before
{Heap before GC invocations=4 (full 0):
 garbage-first heap   total 120832K, used 106314K [0x000000008b000000, 0x0000000100000000)
  region size 1024K, 61 young (62464K), 4 survivors (4096K)
 Metaspace       used 18126K, committed 18432K, reserved 1114112K
  class space    used 2059K, committed 2240K, reserved 1048576K
}
Event: 5.861 GC heap after
{Heap after GC invocations=5 (full 0):
 garbage-first heap   total 120832K, used 18673K [0x000000008b000000, 0x0000000100000000)
  region size 1024K, 7 young (7168K), 7 survivors (7168K)
 Metaspace       used 18126K, committed 18432K, reserved 1114112K
  class space    used 2059K, committed 2240K, reserved 1048576K
}

