# JRE version: OpenJDK Runtime Environment Temurin-17.0.19+10 (17.0.19+10) (build 17.0.19+10)
# Java VM: OpenJDK 64-Bit Server VM Temurin-17.0.19+10 (17.0.19+10, mixed mode, emulated-client, sharing, tiered, compressed oops, compressed class ptrs, g1 gc, windows-amd64)
GC Precious Log:
 CPUs: 8 total, 8 available
 Memory: 7480M
 Large Page Support: Disabled
 NUMA Support: Disabled
 Compressed Oops: Enabled (32-bit)
 Heap Region Size: 1M
 Heap Min Capacity: 8M
 Heap Initial Capacity: 118M
 Heap Max Capacity: 1872M
 Pre-touch: Disabled
 Parallel Workers: 8
 Concurrent Workers: 2
 Concurrent Refinement Workers: 8
 Periodic GC: Disabled
Heap:
 garbage-first heap   total 109568K, used 35465K [0x000000008b000000, 0x0000000100000000)
  region size 1024K, 1 young (1024K), 1 survivors (1024K)
 Metaspace       used 63445K, committed 64000K, reserved 1114112K
  class space    used 9289K, committed 9536K, reserved 1048576K
GC Heap History (20 events):
Event: 4.386 GC heap after
{Heap after GC invocations=6 (full 0):
 garbage-first heap   total 65536K, used 19634K [0x000000008b000000, 0x0000000100000000)
  region size 1024K, 4 young (4096K), 4 survivors (4096K)
 Metaspace       used 25427K, committed 25728K, reserved 1114112K
  class space    used 3725K, committed 3904K, reserved 1048576K
}
Event: 4.406 GC heap before
{Heap before GC invocations=6 (full 0):
 garbage-first heap   total 65536K, used 20658K [0x000000008b000000, 0x0000000100000000)
  region size 1024K, 5 young (5120K), 4 survivors (4096K)
 Metaspace       used 25597K, committed 25984K, reserved 1114112K
  class space    used 3757K, committed 3968K, reserved 1048576K
}
Event: 4.411 GC heap after
{Heap after GC invocations=7 (full 0):
 garbage-first heap   total 65536K, used 19924K [0x000000008b000000, 0x0000000100000000)
  region size 1024K, 1 young (1024K), 1 survivors (1024K)
 Metaspace       used 25597K, committed 25984K, reserved 1114112K
  class space    used 3757K, committed 3968K, reserved 1048576K
}
Event: 4.974 GC heap before
{Heap before GC invocations=7 (full 0):
 garbage-first heap   total 65536K, used 46548K [0x000000008b000000, 0x0000000100000000)
  region size 1024K, 27 young (27648K), 1 survivors (1024K)
 Metaspace       used 30532K, committed 30976K, reserved 1114112K
  class space    used 4403K, committed 4608K, reserved 1048576K
}
Event: 4.979 GC heap after
{Heap after GC invocations=8 (full 0):
 garbage-first heap   total 65536K, used 21677K [0x000000008b000000, 0x0000000100000000)
  region size 1024K, 3 young (3072K), 3 survivors (3072K)
 Metaspace       used 30532K, committed 30976K, reserved 1114112K
  class space    used 4403K, committed 4608K, reserved 1048576K
}
Event: 5.439 GC heap before
{Heap before GC invocations=8 (full 0):
 garbage-first heap   total 65536K, used 48301K [0x000000008b000000, 0x0000000100000000)
  region size 1024K, 28 young (28672K), 3 survivors (3072K)
 Metaspace       used 33725K, committed 34176K, reserved 1114112K
  class space    used 4848K, committed 5056K, reserved 1048576K
}
Event: 5.446 GC heap after
{Heap after GC invocations=9 (full 0):
 garbage-first heap   total 65536K, used 23492K [0x000000008b000000, 0x0000000100000000)
  region size 1024K, 2 young (2048K), 2 survivors (2048K)
 Metaspace       used 33725K, committed 34176K, reserved 1114112K
  class space    used 4848K, committed 5056K, reserved 1048576K
}
Event: 5.784 GC heap before
{Heap before GC invocations=9 (full 0):
 garbage-first heap   total 65536K, used 47044K [0x000000008b000000, 0x0000000100000000)
  region size 1024K, 27 young (27648K), 2 survivors (2048K)
 Metaspace       used 35549K, committed 35968K, reserved 1114112K
  class space    used 5120K, committed 5312K, reserved 1048576K
}
Event: 5.788 GC heap after
{Heap after GC invocations=10 (full 0):
 garbage-first heap   total 65536K, used 25088K [0x000000008b000000, 0x0000000100000000)
  region size 1024K, 4 young (4096K), 4 survivors (4096K)
 Metaspace       used 35549K, committed 35968K, reserved 1114112K
  class space    used 5120K, committed 5312K, reserved 1048576K
}
Event: 6.262 GC heap before
{Heap before GC invocations=11 (full 0):
 garbage-first heap   total 65536K, used 49664K [0x000000008b000000, 0x0000000100000000)
  region size 1024K, 28 young (28672K), 4 survivors (4096K)
 Metaspace       used 40841K, committed 41280K, reserved 1114112K
  class space    used 5973K, committed 6208K, reserved 1048576K
}
Event: 6.267 GC heap after
{Heap after GC invocations=12 (full 0):
 garbage-first heap   total 109568K, used 25881K [0x000000008b000000, 0x0000000100000000)
  region size 1024K, 3 young (3072K), 3 survivors (3072K)
 Metaspace       used 40841K, committed 41280K, reserved 1114112K
  class space    used 5973K, committed 6208K, reserved 1048576K
}
Event: 6.310 GC heap before
{Heap before GC invocations=12 (full 0):
 garbage-first heap   total 109568K, used 27929K [0x000000008b000000, 0x0000000100000000)
  region size 1024K, 5 young (5120K), 3 survivors (3072K)
 Metaspace       used 41435K, committed 41920K, reserved 1114112K
  class space    used 6019K, committed 6272K, reserved 1048576K
}
Event: 6.313 GC heap after
{Heap after GC invocations=13 (full 0):
 garbage-first heap   total 109568K, used 26155K [0x000000008b000000, 0x0000000100000000)
  region size 1024K, 1 young (1024K), 1 survivors (1024K)
 Metaspace       used 41435K, committed 41920K, reserved 1114112K
  class space    used 6019K, committed 6272K, reserved 1048576K
}
Event: 7.525 GC heap before
{Heap before GC invocations=13 (full 0):
 garbage-first heap   total 109568K, used 85547K [0x000000008b000000, 0x0000000100000000)
  region size 1024K, 59 young (60416K), 1 survivors (1024K)
 Metaspace       used 55655K, committed 56192K, reserved 1114112K
  class space    used 8136K, committed 8384K, reserved 1048576K
}
Event: 7.529 GC heap after
{Heap after GC invocations=14 (full 0):
 garbage-first heap   total 109568K, used 28976K [0x000000008b000000, 0x0000000100000000)
  region size 1024K, 4 young (4096K), 4 survivors (4096K)
 Metaspace       used 55655K, committed 56192K, reserved 1114112K
  class space    used 8136K, committed 8384K, reserved 1048576K
}
Event: 8.186 GC heap before
{Heap before GC invocations=14 (full 0):
 garbage-first heap   total 109568K, used 54576K [0x000000008b000000, 0x0000000100000000)
  region size 1024K, 30 young (30720K), 4 survivors (4096K)
 Metaspace       used 59777K, committed 60288K, reserved 1114112K
  class space    used 8642K, committed 8896K, reserved 1048576K
}
Event: 8.190 GC heap after
{Heap after GC invocations=15 (full 0):
 garbage-first heap   total 109568K, used 30894K [0x000000008b000000, 0x0000000100000000)
  region size 1024K, 6 young (6144K), 6 survivors (6144K)
 Metaspace       used 59777K, committed 60288K, reserved 1114112K
  class space    used 8642K, committed 8896K, reserved 1048576K
}
Event: 8.967 GC heap before
{Heap before GC invocations=16 (full 0):
 garbage-first heap   total 109568K, used 87214K [0x000000008b000000, 0x0000000100000000)
  region size 1024K, 61 young (62464K), 6 survivors (6144K)
 Metaspace       used 63401K, committed 63936K, reserved 1114112K
  class space    used 9282K, committed 9536K, reserved 1048576K
}
Event: 8.977 GC heap after
{Heap after GC invocations=17 (full 0):
 garbage-first heap   total 109568K, used 35174K [0x000000008b000000, 0x0000000100000000)
  region size 1024K, 7 young (7168K), 7 survivors (7168K)
 Metaspace       used 63401K, committed 63936K, reserved 1114112K
  class space    used 9282K, committed 9536K, reserved 1048576K
}
Event: 8.990 GC heap before
{Heap before GC invocations=17 (full 0):
 garbage-first heap   total 109568K, used 36198K [0x000000008b000000, 0x0000000100000000)
  region size 1024K, 8 young (8192K), 7 survivors (7168K)
 Metaspace       used 63445K, committed 64000K, reserved 1114112K
  class space    used 9289K, committed 9536K, reserved 1048576K
}

